2025-10-22T15:18:26.8344486Z,Updating submodules.,bc393978-e761-4254-b52b-eae449bd5503,0
2025-10-22T15:18:27.9792283Z,Preparing deployment for commit id '0198710e-f'.,a87f66c2-7c5f-4e34-8442-200e85dc2c2b,0
2025-10-22T15:18:28.3941297Z,PreDeployment: context.CleanOutputPath False,808a4c6a-a766-4cbd-98e6-ecbf50f56c63,0
2025-10-22T15:18:28.5452016Z,PreDeployment: context.OutputPath /home/site/wwwroot,cc9d75b7-5a6f-4755-b71f-57b842136aab,0
2025-10-22T15:18:28.7411600Z,Repository path is /tmp/zipdeploy/extracted,9dd0e359-9933-457c-b557-02ff5b9bd77d,0
2025-10-22T15:18:28.8789105Z,Running oryx build...,5900b354-e9f1-4726-bb4a-a88f0373a7b8,0
	2025-10-22T15:18:28.8849415Z,Command: oryx build /tmp/zipdeploy/extracted -o /home/site/wwwroot --platform nodejs --platform-version 22 -p virtualenv_name= --log-file /tmp/build-debug.log  -i /tmp/8de117e40b0fb6c -p compress_node_modules=tar-gz | tee /tmp/oryx-build.log,,0
	2025-10-22T15:18:32.3509331Z,Operation performed by Microsoft Oryx&comma; https://github.com/Microsoft/Oryx,,0
	2025-10-22T15:18:32.3790905Z,You can report issues at https://github.com/Microsoft/Oryx/issues,,0
	2025-10-22T15:18:32.4014168Z,,,0
	2025-10-22T15:18:32.4282176Z,Oryx Version: 0.2.20250611.1+0649de32f1279969c9023dd41b389cce4bb94493&comma; Commit: 0649de32f1279969c9023dd41b389cce4bb94493&comma; ReleaseTagName: 20250611.1,,0
	2025-10-22T15:18:32.4584849Z,,,0
	2025-10-22T15:18:32.4970342Z,Build Operation ID: dcfc98fe8fedee92,,0
	2025-10-22T15:18:32.5345272Z,Repository Commit : 0198710e-f520-4aab-aa49-bf2b5570bc4a,,0
	2025-10-22T15:18:32.5633155Z,OS Type           : bookworm,,0
	2025-10-22T15:18:32.5830169Z,Image Type        : githubactions,,0
	2025-10-22T15:18:32.6802700Z,,,0
	2025-10-22T15:18:32.7375304Z,Primary SDK Storage URL: https://oryx-cdn.microsoft.io,,0
	2025-10-22T15:18:32.7643275Z,Backup SDK Storage URL: https://oryxsdks-cdn.azureedge.net,,0
	2025-10-22T15:18:32.7946992Z,Detecting platforms...,,0
	2025-10-22T15:18:40.8449006Z,Detected following platforms:,,0
	2025-10-22T15:18:40.9029978Z,  nodejs: 22.20.0,,0
	2025-10-22T15:18:40.9762470Z,  python: 3.8.18,,0
	2025-10-22T15:18:41.0238374Z,Version '22.20.0' of platform 'nodejs' is not installed. Generating script to install it...,,0
	2025-10-22T15:18:41.1013154Z,Version '3.8.18' of platform 'python' is not installed. Generating script to install it...,,0
	2025-10-22T15:18:41.7166014Z,Detected the following frameworks: Express,,0
	2025-10-22T15:18:43.0631591Z,Warning: An outdated version of python was detected (3.8.18). Consider updating.\nVersions supported by Oryx: https://github.com/microsoft/Oryx,,0
	2025-10-22T15:18:43.1380745Z,,,0
	2025-10-22T15:18:43.2372967Z,,,0
	2025-10-22T15:18:43.9684291Z,Using intermediate directory '/tmp/8de117e40b0fb6c'.,,0
	2025-10-22T15:18:44.0546273Z,,,0
	2025-10-22T15:18:44.1311645Z,Copying files to the intermediate directory...,,0
	2025-10-22T15:18:45.0869762Z,Done in 2 sec(s).,,0
	2025-10-22T15:18:45.1157796Z,,,0
	2025-10-22T15:18:45.1648839Z,Source directory     : /tmp/8de117e40b0fb6c,,0
	2025-10-22T15:18:45.2893621Z,Destination directory: /home/site/wwwroot,,0
	2025-10-22T15:18:45.3734956Z,,,0
	2025-10-22T15:18:45.4041957Z,,,0
	2025-10-22T15:18:45.4536728Z,Downloading and extracting 'nodejs' version '22.20.0' to '/tmp/oryx/platforms/nodejs/22.20.0'...,,0
	2025-10-22T15:18:46.1374489Z,Detected image debian flavor: bookworm.,,0
	2025-10-22T15:18:50.0057365Z,Downloaded in 4 sec(s).,,0
	2025-10-22T15:18:50.0297401Z,Verifying checksum...,,0
	2025-10-22T15:18:50.1114814Z,Extracting contents...,,0
	2025-10-22T15:19:05.8330031Z,performing sha512 checksum for: nodejs...,,0
	2025-10-22T15:19:06.6453360Z,Done in 21 sec(s).,,0
	2025-10-22T15:19:06.6657139Z,,,0
	2025-10-22T15:19:06.7042714Z,,,0
	2025-10-22T15:19:06.7240699Z,Downloading and extracting 'python' version '3.8.18' to '/tmp/oryx/platforms/python/3.8.18'...,,0
	2025-10-22T15:19:06.7946091Z,Detected image debian flavor: bookworm.,,0
	2025-10-22T15:19:14.9066054Z,Downloaded in 8 sec(s).,,0
	2025-10-22T15:19:14.9653516Z,Verifying checksum...,,0
	2025-10-22T15:19:15.0825242Z,Extracting contents...,,0
	2025-10-22T15:19:26.3301990Z,performing sha512 checksum for: python...,,0
	2025-10-22T15:19:27.9341692Z,Done in 21 sec(s).,,0
	2025-10-22T15:19:27.9626492Z,,,0
	2025-10-22T15:19:28.8313087Z,Removing existing manifest file,,0
	2025-10-22T15:19:28.8776486Z,Creating directory for command manifest file if it does not exist,,0
	2025-10-22T15:19:28.9450711Z,Creating a manifest file...,,0
	2025-10-22T15:19:28.9805807Z,Node Build Command Manifest file created.,,0
	2025-10-22T15:19:29.0099905Z,,,0
	2025-10-22T15:19:29.0298137Z,Using Node version:,,0
	2025-10-22T15:19:29.1365136Z,v22.20.0,,0
	2025-10-22T15:19:29.1535872Z,,,0
	2025-10-22T15:19:29.1934677Z,Using Npm version:,,0
	2025-10-22T15:19:31.2070819Z,10.9.3,,0
	2025-10-22T15:19:31.3803005Z,,,0
	2025-10-22T15:19:31.4176427Z,Running 'npm install'...,,0
	2025-10-22T15:19:31.4581588Z,,,0
	2025-10-22T15:19:48.2876191Z,npm warn deprecated rimraf@3.0.2: Rimraf versions prior to v4 are no longer supported,,1
	2025-10-22T15:19:49.3830569Z,npm warn deprecated npmlog@6.0.2: This package is no longer supported.,,1
	2025-10-22T15:19:50.1486427Z,npm warn deprecated inflight@1.0.6: This module is not supported&comma; and leaks memory. Do not use it. Check out lru-cache if you want a good and tested way to coalesce async requests by a key value&comma; which is much more comprehensive and powerful.,,1
	2025-10-22T15:19:50.7322412Z,npm warn deprecated lodash.get@4.4.2: This package is deprecated. Use the optional chaining (?.) operator instead.,,1
	2025-10-22T15:19:51.1566932Z,npm warn deprecated @npmcli/move-file@1.1.2: This functionality has been moved to @npmcli/fs,,1
	2025-10-22T15:19:51.4976387Z,npm warn deprecated lodash.isequal@4.5.0: This package is deprecated. Use require('node:util').isDeepStrictEqual instead.,,1
	2025-10-22T15:19:51.5922223Z,npm warn deprecated are-we-there-yet@3.0.1: This package is no longer supported.,,1
	2025-10-22T15:19:51.8432860Z,npm warn deprecated glob@7.1.6: Glob versions prior to v9 are no longer supported,,1
	2025-10-22T15:19:51.9403818Z,npm warn deprecated gauge@4.0.4: This package is no longer supported.,,1
	2025-10-22T15:19:52.6712440Z,npm warn deprecated glob@7.2.3: Glob versions prior to v9 are no longer supported,,1
	2025-10-22T15:20:08.2967282Z,,,0
	2025-10-22T15:20:08.3180689Z,added 218 packages&comma; and audited 219 packages in 36s,,0
	2025-10-22T15:20:08.3927117Z,,,0
	2025-10-22T15:20:08.4789938Z,26 packages are looking for funding,,0
	2025-10-22T15:20:08.4913297Z,  run `npm fund` for details,,0
	2025-10-22T15:20:08.5456301Z,,,0
	2025-10-22T15:20:08.5749579Z,5 moderate severity vulnerabilities,,0
	2025-10-22T15:20:08.6136504Z,,,0
	2025-10-22T15:20:08.6449346Z,To address all issues (including breaking changes)&comma; run:,,0
	2025-10-22T15:20:08.6836246Z,  npm audit fix --force,,0
	2025-10-22T15:20:08.7089021Z,npm notice,,1
	2025-10-22T15:20:08.7300249Z,,,0
	2025-10-22T15:20:08.7597111Z,Run `npm audit` for details.,,0
	2025-10-22T15:20:08.8089222Z,npm notice New major version of npm available! 10.9.3 -> 11.6.2,,1
	2025-10-22T15:20:08.8476907Z,npm notice Changelog: https://github.com/npm/cli/releases/tag/v11.6.2,,1
	2025-10-22T15:20:08.9119495Z,npm notice To update run: npm install -g npm@11.6.2,,1
	2025-10-22T15:20:08.9434053Z,npm notice,,1
	2025-10-22T15:20:09.2984341Z,,,0
	2025-10-22T15:20:09.3543040Z,Zipping existing node_modules folder...,,0
	2025-10-22T15:20:18.4773593Z,Done in 9 sec(s).,,0
	2025-10-22T15:20:18.5428972Z,Preparing output...,,0
	2025-10-22T15:20:18.5723964Z,,,0
	2025-10-22T15:20:18.5907807Z,Copying files to destination directory '/home/site/wwwroot'...,,0
	2025-10-22T15:20:19.0795436Z,Done in 1 sec(s).,,0
	2025-10-22T15:20:19.1063332Z,,,0
	2025-10-22T15:20:19.1252851Z,Removing existing manifest file,,0
	2025-10-22T15:20:19.1487313Z,Creating a manifest file...,,0
	2025-10-22T15:20:19.1777309Z,Manifest file created.,,0
	2025-10-22T15:20:19.2022977Z,Copying .ostype to manifest output directory.,,0
	2025-10-22T15:20:19.2801502Z,,,0
	2025-10-22T15:20:19.2996222Z,Done in 96 sec(s).,,0
2025-10-22T15:20:19.8023829Z,Running post deployment command(s)...,528c1b46-b952-4f07-a77e-c8cd8358d50b,0
2025-10-22T15:20:19.9529595Z,,6866958e-4ca2-4569-a9ff-02d61c6f74b6,0
2025-10-22T15:20:20.1855096Z,Generating summary of Oryx build,0316b959-a0fe-4de7-ad21-373b0a5ac749,0
2025-10-22T15:20:20.3649829Z,Parsing the build logs,a53d7089-3535-401c-af2b-d0724e7909ea,0
2025-10-22T15:20:20.6036190Z,Found 0 issue(s),aed200d1-aa18-47c9-960e-b3192ecbb950,0
2025-10-22T15:20:20.7813045Z,,391d103e-afa3-4128-b650-a2faa89a1e09,0
2025-10-22T15:20:20.9001389Z,Build Summary :,46a6b7cc-ebc2-4e8a-baef-5075af5227b5,0
2025-10-22T15:20:21.0144950Z,===============,5c59153b-4264-49b5-aaa7-94883070853e,0
2025-10-22T15:20:21.1980267Z,Errors (0),a8f640bc-fa9e-4f9c-a541-dcfa1f69b070,0
2025-10-22T15:20:21.3318970Z,Warnings (0),80e86d70-fc49-4bd0-844a-b610a0f30b72,0
2025-10-22T15:20:21.4628995Z,,2f521821-22ed-49e5-80c9-2d2c571cba5c,0
2025-10-22T15:20:21.6330325Z,Triggering container recycle for OneDeploy by adding/updating restartTrigger.txt to the site root path,808844f8-84fb-43e7-aa88-0298a55e7480,0
2025-10-22T15:20:22.1237240Z,Deployment successful. deployer = OneDeploy deploymentPath = OneDeploy,f435b935-bcfd-4647-b437-b3eafc858132,0
