2025-10-22T14:08:59.3950795Z Container start method called.
2025-10-22T14:08:59.4427533Z Establishing network.
2025-10-22T14:08:59.4433519Z Pulling image: appsvc/node:22-lts_20250724.2.tuxprod.
2025-10-22T14:09:02.1876842Z Container is starting.
2025-10-22T14:09:02.2850024Z Establishing user namespace if not established already.
2025-10-22T14:09:02.2851869Z Establishing network if not established already.
2025-10-22T14:09:02.2854147Z Mounting volumes.
2025-10-22T14:09:02.2857121Z Nested mountpoint 
2025-10-22T14:09:02.3359120Z Nested mountpoint volatile/logs
2025-10-22T14:09:02.4689465Z Nested mountpoint 
2025-10-22T14:09:02.8176358Z Nested mountpoint 
2025-10-22T14:09:02.8733038Z Nested mountpoint 
2025-10-22T14:09:02.9793689Z Nested mountpoint 
2025-10-22T14:09:03.1363412Z Nested mountpoint 
2025-10-22T14:09:05.3923082Z Creating container.
2025-10-22T14:09:05.4001208Z Creating pipes for streaming container io.
2025-10-22T14:09:05.4110745Z Creating stdout named pipe at /podr/container/pipe/fcf6760e72c9_backend-gruppii/stdout_4340cfc16e3143f29b0f1c877ab65986.
2025-10-22T14:09:05.4113401Z Successfully created stdout named pipe at: /podr/container/pipe/fcf6760e72c9_backend-gruppii/stdout_4340cfc16e3143f29b0f1c877ab65986.
2025-10-22T14:09:05.4114494Z Opening named pipe /podr/container/pipe/fcf6760e72c9_backend-gruppii/stdout_4340cfc16e3143f29b0f1c877ab65986 for reading in non-blocking mode.
2025-10-22T14:09:05.4115739Z Successfully opened named pipe: /podr/container/pipe/fcf6760e72c9_backend-gruppii/stdout_4340cfc16e3143f29b0f1c877ab65986.
2025-10-22T14:09:05.4116974Z Successfully removed non-blocking flag from /podr/container/pipe/fcf6760e72c9_backend-gruppii/stdout_4340cfc16e3143f29b0f1c877ab65986.
2025-10-22T14:09:05.4118249Z Creating stderr named pipe at /podr/container/pipe/fcf6760e72c9_backend-gruppii/stderr_475e57a5db114ffe829748dbe89e4214.
2025-10-22T14:09:05.4119760Z Successfully created stderr named pipe at: /podr/container/pipe/fcf6760e72c9_backend-gruppii/stderr_475e57a5db114ffe829748dbe89e4214.
2025-10-22T14:09:05.4120672Z Opening named pipe /podr/container/pipe/fcf6760e72c9_backend-gruppii/stderr_475e57a5db114ffe829748dbe89e4214 for reading in non-blocking mode.
2025-10-22T14:09:05.4490754Z Successfully opened named pipe: /podr/container/pipe/fcf6760e72c9_backend-gruppii/stderr_475e57a5db114ffe829748dbe89e4214.
2025-10-22T14:09:05.4501941Z Successfully removed non-blocking flag from /podr/container/pipe/fcf6760e72c9_backend-gruppii/stderr_475e57a5db114ffe829748dbe89e4214.
2025-10-22T14:09:05.4577114Z Creating container with image: appsvc/node:22-lts_20250724.2.tuxprod from registry: 10.1.0.6:13209 and fully qualified image name: 10.1.0.6:13209/appsvc/node:22-lts_20250724.2.tuxprod
2025-10-22T14:09:06.6120097Z Starting container: fcf6760e72c9_backend-gruppii.
2025-10-22T14:09:06.7000454Z Starting watchers and probes.
2025-10-22T14:09:06.7182114Z Starting metrics collection.
2025-10-22T14:09:06.7185245Z Container is running.
2025-10-22T14:09:07.9233927Z Container start method finished after 8521 ms.
2025-10-22T14:09:40.7744642Z Site startup probe succeeded after 32.3801132 seconds.
2025-10-22T14:09:41.1307612Z Site started.
2025-10-22T14:09:41.4089600Z Site is running with patch version: 22.17.0
2025-10-22T14:22:48.7059890Z Container start method called.
2025-10-22T14:22:48.7062666Z Establishing network.
2025-10-22T14:22:48.7073727Z Pulling image: appsvc/node:22-lts_20250724.2.tuxprod.
2025-10-22T14:22:52.2645238Z Image appsvc/node:22-lts_20250724.2.tuxprod is pulled from registry 10.1.0.5:13209
2025-10-22T14:22:52.2648383Z Container is starting.
2025-10-22T14:22:52.2798240Z Establishing user namespace if not established already.
2025-10-22T14:22:52.2805921Z Establishing network if not established already.
2025-10-22T14:22:52.2832095Z Mounting volumes.
2025-10-22T14:22:52.3456136Z Nested mountpoint 
2025-10-22T14:22:52.4417259Z Nested mountpoint volatile/logs
2025-10-22T14:22:52.6568465Z Nested mountpoint 
2025-10-22T14:22:52.7030244Z Nested mountpoint 
2025-10-22T14:22:52.7241290Z Nested mountpoint 
2025-10-22T14:22:52.7438330Z Nested mountpoint 
2025-10-22T14:22:52.8847459Z Nested mountpoint 
2025-10-22T14:22:55.2136329Z Creating container.
2025-10-22T14:22:55.2137618Z Creating pipes for streaming container io.
2025-10-22T14:22:55.2138714Z Creating stdout named pipe at /podr/container/pipe/e1e971b96079_backend-gruppii/stdout_84671f96e7484eeaa751726432254ed8.
2025-10-22T14:22:55.2141152Z Successfully created stdout named pipe at: /podr/container/pipe/e1e971b96079_backend-gruppii/stdout_84671f96e7484eeaa751726432254ed8.
2025-10-22T14:22:55.2142136Z Opening named pipe /podr/container/pipe/e1e971b96079_backend-gruppii/stdout_84671f96e7484eeaa751726432254ed8 for reading in non-blocking mode.
2025-10-22T14:22:55.2143335Z Successfully opened named pipe: /podr/container/pipe/e1e971b96079_backend-gruppii/stdout_84671f96e7484eeaa751726432254ed8.
2025-10-22T14:22:55.2144425Z Successfully removed non-blocking flag from /podr/container/pipe/e1e971b96079_backend-gruppii/stdout_84671f96e7484eeaa751726432254ed8.
2025-10-22T14:22:55.2145574Z Creating stderr named pipe at /podr/container/pipe/e1e971b96079_backend-gruppii/stderr_04c02beaaf264f62a6c3b462c226b00f.
2025-10-22T14:22:55.2147082Z Successfully created stderr named pipe at: /podr/container/pipe/e1e971b96079_backend-gruppii/stderr_04c02beaaf264f62a6c3b462c226b00f.
2025-10-22T14:22:55.2148162Z Opening named pipe /podr/container/pipe/e1e971b96079_backend-gruppii/stderr_04c02beaaf264f62a6c3b462c226b00f for reading in non-blocking mode.
2025-10-22T14:22:55.3142779Z Successfully opened named pipe: /podr/container/pipe/e1e971b96079_backend-gruppii/stderr_04c02beaaf264f62a6c3b462c226b00f.
2025-10-22T14:22:55.3153275Z Successfully removed non-blocking flag from /podr/container/pipe/e1e971b96079_backend-gruppii/stderr_04c02beaaf264f62a6c3b462c226b00f.
2025-10-22T14:22:55.3155353Z Creating container with image: appsvc/node:22-lts_20250724.2.tuxprod from registry: 10.1.0.5:13209 and fully qualified image name: 10.1.0.5:13209/appsvc/node:22-lts_20250724.2.tuxprod
2025-10-22T14:22:59.3132500Z Starting container: e1e971b96079_backend-gruppii.
2025-10-22T14:22:59.4719266Z Starting watchers and probes.
2025-10-22T14:22:59.5027939Z Starting metrics collection.
2025-10-22T14:22:59.5381157Z Container is running.
2025-10-22T14:22:59.8620375Z Container start method finished after 11155 ms.
2025-10-22T14:24:17.2879005Z Site startup probe succeeded after 77.3860246 seconds.
2025-10-22T14:24:17.5721502Z Site is running with deployment version: 
2025-10-22T14:24:17.5749811Z Site started.
2025-10-22T14:24:17.5906667Z Site is running with patch version: 22.17.0
2025-10-22T14:24:38.0081362Z Container is terminating. Grace period: 5 seconds.
2025-10-22T14:24:38.1098920Z Stop and delete container. Retry count = 0
2025-10-22T14:24:38.1100073Z Stopping container: fcf6760e72c9_backend-gruppii.
2025-10-22T14:24:46.9156741Z Deleting container: fcf6760e72c9_backend-gruppii. Retry count = 0
2025-10-22T14:24:48.0954958Z Container spec TerminationMessagePolicy  path 
2025-10-22T14:24:48.1042592Z Container is terminated. Total time elapsed: 10082 ms.
2025-10-22T14:24:48.1453984Z Site: backend-gruppii stopped.
2025-10-22T14:25:02.5004378Z Container start method called.
2025-10-22T14:25:02.5010716Z Establishing network.
2025-10-22T14:25:02.5012398Z Pulling image: appsvc/node:22-lts_20250724.2.tuxprod.
2025-10-22T14:25:03.3044923Z Container is starting.
2025-10-22T14:25:03.3133720Z Establishing user namespace if not established already.
2025-10-22T14:25:03.3330295Z Establishing network if not established already.
2025-10-22T14:25:03.3450543Z Mounting volumes.
2025-10-22T14:25:03.3722667Z Nested mountpoint 
2025-10-22T14:25:03.4655482Z Nested mountpoint volatile/logs
2025-10-22T14:25:03.5214853Z Nested mountpoint 
2025-10-22T14:25:03.5681669Z Nested mountpoint 
2025-10-22T14:25:03.5689226Z Nested mountpoint 
2025-10-22T14:25:03.6455226Z Nested mountpoint 
2025-10-22T14:25:03.9000203Z Nested mountpoint 
2025-10-22T14:25:05.4952609Z Creating container.
2025-10-22T14:25:05.4954196Z Creating pipes for streaming container io.
2025-10-22T14:25:05.4955228Z Creating stdout named pipe at /podr/container/pipe/705708c050e7_backend-gruppii/stdout_6502caa23435436a92b2938c584aaccc.
2025-10-22T14:25:05.4965275Z Successfully created stdout named pipe at: /podr/container/pipe/705708c050e7_backend-gruppii/stdout_6502caa23435436a92b2938c584aaccc.
2025-10-22T14:25:05.4966427Z Opening named pipe /podr/container/pipe/705708c050e7_backend-gruppii/stdout_6502caa23435436a92b2938c584aaccc for reading in non-blocking mode.
2025-10-22T14:25:05.5227865Z Successfully opened named pipe: /podr/container/pipe/705708c050e7_backend-gruppii/stdout_6502caa23435436a92b2938c584aaccc.
2025-10-22T14:25:05.5230930Z Successfully removed non-blocking flag from /podr/container/pipe/705708c050e7_backend-gruppii/stdout_6502caa23435436a92b2938c584aaccc.
2025-10-22T14:25:05.5234018Z Creating stderr named pipe at /podr/container/pipe/705708c050e7_backend-gruppii/stderr_c07e9db96beb468e81b188bfbb9eec18.
2025-10-22T14:25:05.5238709Z Successfully created stderr named pipe at: /podr/container/pipe/705708c050e7_backend-gruppii/stderr_c07e9db96beb468e81b188bfbb9eec18.
2025-10-22T14:25:05.5246923Z Opening named pipe /podr/container/pipe/705708c050e7_backend-gruppii/stderr_c07e9db96beb468e81b188bfbb9eec18 for reading in non-blocking mode.
2025-10-22T14:25:05.5249846Z Successfully opened named pipe: /podr/container/pipe/705708c050e7_backend-gruppii/stderr_c07e9db96beb468e81b188bfbb9eec18.
2025-10-22T14:25:05.5440120Z Successfully removed non-blocking flag from /podr/container/pipe/705708c050e7_backend-gruppii/stderr_c07e9db96beb468e81b188bfbb9eec18.
2025-10-22T14:25:05.5523215Z Creating container with image: appsvc/node:22-lts_20250724.2.tuxprod from registry: 10.1.0.5:13209 and fully qualified image name: 10.1.0.5:13209/appsvc/node:22-lts_20250724.2.tuxprod
2025-10-22T14:25:06.3366897Z Starting container: 705708c050e7_backend-gruppii.
2025-10-22T14:25:06.4542261Z Starting watchers and probes.
2025-10-22T14:25:06.4738159Z Starting metrics collection.
2025-10-22T14:25:06.4901429Z Container is running.
2025-10-22T14:25:07.2660703Z Container start method finished after 4646 ms.
2025-10-22T14:25:45.1504509Z Container has finished running with exit code: 1.
2025-10-22T14:25:45.1508153Z Container is terminating. Grace period: 5 seconds.
2025-10-22T14:25:45.1604091Z Stop and delete container. Retry count = 0
2025-10-22T14:25:45.1613902Z Stopping container: 705708c050e7_backend-gruppii.
2025-10-22T14:25:45.2969890Z Deleting container: 705708c050e7_backend-gruppii. Retry count = 0
2025-10-22T14:25:46.7618659Z Container spec TerminationMessagePolicy  path 
2025-10-22T14:25:46.7783909Z Container is terminated. Total time elapsed: 1627 ms.
2025-10-22T14:25:46.7785292Z Site container: backend-gruppii terminated during site startup.
2025-10-22T14:25:46.8268972Z Site startup probe failed after 39.533165 seconds.
2025-10-22T14:25:47.5084685Z Failed to start site. Revert by stopping site.
2025-10-22T14:25:47.5200446Z Site: backend-gruppii stopped.
2025-10-22T14:26:09.8898816Z Container is terminating. Grace period: 5 seconds.
2025-10-22T14:26:09.9172721Z Stop and delete container. Retry count = 0
2025-10-22T14:26:09.9175400Z Stopping container: e1e971b96079_backend-gruppii.
2025-10-22T14:26:15.3522642Z Deleting container: e1e971b96079_backend-gruppii. Retry count = 0
2025-10-22T14:26:15.8616496Z Container spec TerminationMessagePolicy  path 
2025-10-22T14:26:15.8618290Z Container is terminated. Total time elapsed: 5970 ms.
2025-10-22T14:26:15.8618875Z Site: backend-gruppii stopped.
2025-10-22T14:47:59.3479232Z Container start method called.
2025-10-22T14:47:59.3558311Z Establishing network.
2025-10-22T14:47:59.3571779Z Pulling image: appsvc/node:22-lts_20250724.2.tuxprod.
2025-10-22T14:48:00.0289387Z Container is starting.
2025-10-22T14:48:00.0382823Z Establishing user namespace if not established already.
2025-10-22T14:48:00.0389662Z Establishing network if not established already.
2025-10-22T14:48:00.0450313Z Mounting volumes.
2025-10-22T14:48:00.0652761Z Nested mountpoint 
2025-10-22T14:48:00.1232586Z Nested mountpoint volatile/logs
2025-10-22T14:48:00.1817100Z Nested mountpoint 
2025-10-22T14:48:00.2403327Z Nested mountpoint 
2025-10-22T14:48:00.2703428Z Nested mountpoint 
2025-10-22T14:48:00.3580295Z Nested mountpoint 
2025-10-22T14:48:00.4149198Z Nested mountpoint 
2025-10-22T14:48:01.5386952Z Creating container.
2025-10-22T14:48:01.5568862Z Creating pipes for streaming container io.
2025-10-22T14:48:01.5862560Z Creating stdout named pipe at /podr/container/pipe/843d308ba357_backend-gruppii/stdout_4e6ceb0e096c4c9785a44c0e7c163f85.
2025-10-22T14:48:01.6231902Z Successfully created stdout named pipe at: /podr/container/pipe/843d308ba357_backend-gruppii/stdout_4e6ceb0e096c4c9785a44c0e7c163f85.
2025-10-22T14:48:01.6244516Z Opening named pipe /podr/container/pipe/843d308ba357_backend-gruppii/stdout_4e6ceb0e096c4c9785a44c0e7c163f85 for reading in non-blocking mode.
2025-10-22T14:48:01.6249035Z Successfully opened named pipe: /podr/container/pipe/843d308ba357_backend-gruppii/stdout_4e6ceb0e096c4c9785a44c0e7c163f85.
2025-10-22T14:48:01.6512909Z Successfully removed non-blocking flag from /podr/container/pipe/843d308ba357_backend-gruppii/stdout_4e6ceb0e096c4c9785a44c0e7c163f85.
2025-10-22T14:48:01.6525022Z Creating stderr named pipe at /podr/container/pipe/843d308ba357_backend-gruppii/stderr_d45d6efb8aa54e2a8fd810a30fb807ea.
2025-10-22T14:48:01.6530098Z Successfully created stderr named pipe at: /podr/container/pipe/843d308ba357_backend-gruppii/stderr_d45d6efb8aa54e2a8fd810a30fb807ea.
2025-10-22T14:48:01.6531604Z Opening named pipe /podr/container/pipe/843d308ba357_backend-gruppii/stderr_d45d6efb8aa54e2a8fd810a30fb807ea for reading in non-blocking mode.
2025-10-22T14:48:01.6533037Z Successfully opened named pipe: /podr/container/pipe/843d308ba357_backend-gruppii/stderr_d45d6efb8aa54e2a8fd810a30fb807ea.
2025-10-22T14:48:01.6534167Z Successfully removed non-blocking flag from /podr/container/pipe/843d308ba357_backend-gruppii/stderr_d45d6efb8aa54e2a8fd810a30fb807ea.
2025-10-22T14:48:01.6694540Z Creating container with image: appsvc/node:22-lts_20250724.2.tuxprod from registry: 10.1.0.5:13209 and fully qualified image name: 10.1.0.5:13209/appsvc/node:22-lts_20250724.2.tuxprod
2025-10-22T14:48:03.9652500Z Starting container: 843d308ba357_backend-gruppii.
2025-10-22T14:48:04.3647248Z Starting watchers and probes.
2025-10-22T14:48:04.3774827Z Starting metrics collection.
2025-10-22T14:48:04.3847800Z Container is running.
2025-10-22T14:48:06.0554089Z Container start method finished after 6701 ms.
2025-10-22T14:48:40.9741376Z Container has finished running with exit code: 1.
2025-10-22T14:48:40.9813582Z Container is terminating. Grace period: 5 seconds.
2025-10-22T14:48:40.9897770Z Stop and delete container. Retry count = 0
2025-10-22T14:48:40.9905388Z Stopping container: 843d308ba357_backend-gruppii.
2025-10-22T14:48:41.0712597Z Deleting container: 843d308ba357_backend-gruppii. Retry count = 0
2025-10-22T14:48:41.7540589Z Container spec TerminationMessagePolicy  path 
2025-10-22T14:48:41.7652993Z Container is terminated. Total time elapsed: 781 ms.
2025-10-22T14:48:41.7731613Z Site container: backend-gruppii terminated during site startup.
2025-10-22T14:48:41.7830378Z Site startup probe failed after 35.6451739 seconds.
2025-10-22T14:48:41.8981865Z Failed to start site. Revert by stopping site.
2025-10-22T14:48:41.9173728Z Site: backend-gruppii stopped.
2025-10-22T14:48:49.742Z INFO  - 22-lts_20250724.2.tuxprod Pulling from appsvc/node
2025-10-22T14:48:49.798Z INFO  - c19952135643 Pulling fs layer
2025-10-22T14:48:49.808Z INFO  - b49b2c83cf45 Pulling fs layer
2025-10-22T14:48:49.809Z INFO  - a7350ec49683 Pulling fs layer
2025-10-22T14:48:49.812Z INFO  - ca64976d1f75 Pulling fs layer
2025-10-22T14:48:49.813Z INFO  - 9c231cb2d468 Pulling fs layer
2025-10-22T14:48:49.813Z INFO  - 6d5ed858bc79 Pulling fs layer
2025-10-22T14:48:49.814Z INFO  - b147e1d819b6 Pulling fs layer
2025-10-22T14:48:49.815Z INFO  - bddeee446dea Pulling fs layer
2025-10-22T14:48:49.820Z INFO  - 3bba0ee51794 Pulling fs layer
2025-10-22T14:48:49.820Z INFO  - 5b5c68b4e022 Pulling fs layer
2025-10-22T14:48:49.821Z INFO  - 589fad460b75 Pulling fs layer
2025-10-22T14:48:49.821Z INFO  - a4ac82e1650a Pulling fs layer
2025-10-22T14:48:49.821Z INFO  - 6f8965d4e41b Pulling fs layer
2025-10-22T14:48:49.821Z INFO  - 4f4fb700ef54 Pulling fs layer
2025-10-22T14:48:49.821Z INFO  - e7443d264769 Pulling fs layer
2025-10-22T14:48:49.821Z INFO  - 9853498c3852 Pulling fs layer
2025-10-22T14:48:49.821Z INFO  - 6d39a250ce6f Pulling fs layer
2025-10-22T14:48:49.821Z INFO  - ab00bebea334 Pulling fs layer
2025-10-22T14:48:49.821Z INFO  - c81914910915 Pulling fs layer
2025-10-22T14:48:49.821Z INFO  - ddfd7346bfba Pulling fs layer
2025-10-22T14:48:49.821Z INFO  - c769700e4a44 Pulling fs layer
2025-10-22T14:48:49.821Z INFO  - 367c9c93200b Pulling fs layer
2025-10-22T14:48:49.821Z INFO  - 81378fd52fac Pulling fs layer
2025-10-22T14:48:49.821Z INFO  - fd9ecfda18c5 Pulling fs layer
2025-10-22T14:48:49.821Z INFO  - accbef6a859b Pulling fs layer
2025-10-22T14:48:49.821Z INFO  - 50579af796ea Pulling fs layer
2025-10-22T14:48:49.821Z INFO  - f515f047c378 Pulling fs layer
2025-10-22T14:48:49.821Z INFO  - 726fa8d4ed16 Pulling fs layer
2025-10-22T14:48:49.822Z INFO  - 1ca5d31144ac Pulling fs layer
2025-10-22T14:48:49.822Z INFO  - d35c15ecf7c3 Pulling fs layer
2025-10-22T14:48:49.822Z INFO  - bb19cf2d87d2 Pulling fs layer
2025-10-22T14:48:49.822Z INFO  - b9fb3fc165df Pulling fs layer
2025-10-22T14:48:49.822Z INFO  - 37b276c339a9 Pulling fs layer
2025-10-22T14:48:49.822Z INFO  - 641973008da1 Pulling fs layer
2025-10-22T14:48:49.822Z INFO  - 8a4a7fae06a0 Pulling fs layer
2025-10-22T14:48:49.822Z INFO  - f1db0f079fc7 Pulling fs layer
2025-10-22T14:48:49.822Z INFO  - 44346c801d5d Pulling fs layer
2025-10-22T14:48:49.833Z INFO  - c769700e4a44 Waiting
2025-10-22T14:48:49.833Z INFO  - 367c9c93200b Waiting
2025-10-22T14:48:49.833Z INFO  - 81378fd52fac Waiting
2025-10-22T14:48:49.833Z INFO  - fd9ecfda18c5 Waiting
2025-10-22T14:48:49.833Z INFO  - accbef6a859b Waiting
2025-10-22T14:48:49.839Z INFO  - 50579af796ea Waiting
2025-10-22T14:48:49.839Z INFO  - f515f047c378 Waiting
2025-10-22T14:48:49.839Z INFO  - 726fa8d4ed16 Waiting
2025-10-22T14:48:49.839Z INFO  - 1ca5d31144ac Waiting
2025-10-22T14:48:49.839Z INFO  - d35c15ecf7c3 Waiting
2025-10-22T14:48:49.839Z INFO  - bb19cf2d87d2 Waiting
2025-10-22T14:48:49.839Z INFO  - b9fb3fc165df Waiting
2025-10-22T14:48:49.839Z INFO  - 37b276c339a9 Waiting
2025-10-22T14:48:49.839Z INFO  - 641973008da1 Waiting
2025-10-22T14:48:49.839Z INFO  - 8a4a7fae06a0 Waiting
2025-10-22T14:48:49.841Z INFO  - f1db0f079fc7 Waiting
2025-10-22T14:48:49.841Z INFO  - 44346c801d5d Waiting
2025-10-22T14:48:49.889Z INFO  - b147e1d819b6 Downloading 3KB / 10KB
2025-10-22T14:48:49.889Z INFO  - 6d5ed858bc79 Downloading 39KB / 39KB
2025-10-22T14:48:49.889Z INFO  - 6f8965d4e41b Downloading 3KB / 3KB
2025-10-22T14:48:49.889Z INFO  - b147e1d819b6 Downloading 10KB / 10KB
2025-10-22T14:48:49.889Z INFO  - 6d5ed858bc79 Verifying Checksum
2025-10-22T14:48:49.889Z INFO  - 6d5ed858bc79 Download complete
2025-10-22T14:48:49.889Z INFO  - 6f8965d4e41b Verifying Checksum
2025-10-22T14:48:49.889Z INFO  - 6f8965d4e41b Download complete
2025-10-22T14:48:49.889Z INFO  - b147e1d819b6 Verifying Checksum
2025-10-22T14:48:49.889Z INFO  - b147e1d819b6 Download complete
2025-10-22T14:48:49.910Z INFO  - a4ac82e1650a Downloading 35KB / 1MB
2025-10-22T14:48:49.911Z INFO  - 9c231cb2d468 Downloading 35KB / 1MB
2025-10-22T14:48:49.927Z INFO  - 589fad460b75 Downloading 35KB / 1MB
2025-10-22T14:48:49.929Z INFO  - ca64976d1f75 Downloading 387B / 387B
2025-10-22T14:48:49.968Z INFO  - 4f4fb700ef54 Downloading 32B / 32B
2025-10-22T14:48:49.986Z INFO  - c81914910915 Downloading 126B / 126B
2025-10-22T14:48:49.986Z INFO  - 5b5c68b4e022 Downloading 10KB / 10KB
2025-10-22T14:48:49.986Z INFO  - bddeee446dea Downloading 14KB / 14KB
2025-10-22T14:48:49.986Z INFO  - ca64976d1f75 Verifying Checksum
2025-10-22T14:48:49.986Z INFO  - ca64976d1f75 Download complete
2025-10-22T14:48:49.986Z INFO  - 4f4fb700ef54 Verifying Checksum
2025-10-22T14:48:49.986Z INFO  - 4f4fb700ef54 Download complete
2025-10-22T14:48:49.986Z INFO  - c81914910915 Verifying Checksum
2025-10-22T14:48:49.986Z INFO  - c81914910915 Download complete
2025-10-22T14:48:49.986Z INFO  - 5b5c68b4e022 Verifying Checksum
2025-10-22T14:48:49.986Z INFO  - 5b5c68b4e022 Download complete
2025-10-22T14:48:49.996Z INFO  - bddeee446dea Verifying Checksum
2025-10-22T14:48:49.996Z INFO  - bddeee446dea Download complete
2025-10-22T14:48:50.379Z INFO  - a4ac82e1650a Downloading 147KB / 1MB
2025-10-22T14:48:50.385Z INFO  - a7350ec49683 Downloading 181KB / 3MB
2025-10-22T14:48:50.385Z INFO  - 3bba0ee51794 Downloading 123KB / 281KB
2025-10-22T14:48:50.385Z INFO  - 589fad460b75 Downloading 147KB / 1MB
2025-10-22T14:48:50.386Z INFO  - 9853498c3852 Downloading 536KB / 53MB
2025-10-22T14:48:50.386Z INFO  - 6d39a250ce6f Downloading 252KB / 11MB
2025-10-22T14:48:50.386Z INFO  - ab00bebea334 Downloading 376KB / 16MB
2025-10-22T14:48:50.386Z INFO  - b49b2c83cf45 Downloading 760KB / 35MB
2025-10-22T14:48:50.386Z INFO  - a4ac82e1650a Downloading 179KB / 1MB
2025-10-22T14:48:50.386Z INFO  - a7350ec49683 Downloading 245KB / 3MB
2025-10-22T14:48:50.386Z INFO  - 9c231cb2d468 Downloading 179KB / 1MB
2025-10-22T14:48:50.395Z INFO  - 9c231cb2d468 Downloading 211KB / 1MB
2025-10-22T14:48:50.396Z INFO  - 81378fd52fac Downloading 137B / 137B
2025-10-22T14:48:50.396Z INFO  - 3bba0ee51794 Downloading 281KB / 281KB
2025-10-22T14:48:50.396Z INFO  - a4ac82e1650a Downloading 1MB / 1MB
2025-10-22T14:48:50.396Z INFO  - 81378fd52fac Verifying Checksum
2025-10-22T14:48:50.396Z INFO  - 81378fd52fac Download complete
2025-10-22T14:48:50.396Z INFO  - 3bba0ee51794 Verifying Checksum
2025-10-22T14:48:50.396Z INFO  - 3bba0ee51794 Download complete
2025-10-22T14:48:50.396Z INFO  - a4ac82e1650a Verifying Checksum
2025-10-22T14:48:50.396Z INFO  - a4ac82e1650a Download complete
2025-10-22T14:48:50.436Z INFO  - 6d39a250ce6f Downloading 508KB / 11MB
2025-10-22T14:48:50.453Z INFO  - ab00bebea334 Downloading 760KB / 16MB
2025-10-22T14:48:50.523Z INFO  - 589fad460b75 Downloading 1MB / 1MB
2025-10-22T14:48:50.523Z INFO  - 589fad460b75 Downloading 1MB / 1MB
2025-10-22T14:48:50.578Z INFO  - 9c231cb2d468 Downloading 883KB / 1MB
2025-10-22T14:48:50.579Z INFO  - c769700e4a44 Downloading 948B / 948B
2025-10-22T14:48:50.579Z INFO  - 367c9c93200b Downloading 1KB / 1KB
2025-10-22T14:48:50.579Z INFO  - accbef6a859b Downloading 1KB / 1KB
2025-10-22T14:48:50.579Z INFO  - 50579af796ea Downloading 1KB / 1KB
2025-10-22T14:48:50.579Z INFO  - 726fa8d4ed16 Downloading 156B / 156B
2025-10-22T14:48:50.620Z INFO  - 9c231cb2d468 Downloading 1MB / 1MB
2025-10-22T14:48:50.628Z INFO  - f515f047c378 Downloading 3KB / 3KB
2025-10-22T14:48:50.639Z INFO  - 589fad460b75 Verifying Checksum
2025-10-22T14:48:50.640Z INFO  - c769700e4a44 Verifying Checksum
2025-10-22T14:48:50.648Z INFO  - c769700e4a44 Download complete
2025-10-22T14:48:50.648Z INFO  - 367c9c93200b Verifying Checksum
2025-10-22T14:48:50.649Z INFO  - 367c9c93200b Download complete
2025-10-22T14:48:50.650Z INFO  - accbef6a859b Verifying Checksum
2025-10-22T14:48:50.657Z INFO  - accbef6a859b Download complete
2025-10-22T14:48:50.657Z INFO  - 50579af796ea Verifying Checksum
2025-10-22T14:48:50.657Z INFO  - 50579af796ea Download complete
2025-10-22T14:48:50.657Z INFO  - 726fa8d4ed16 Verifying Checksum
2025-10-22T14:48:50.657Z INFO  - 726fa8d4ed16 Download complete
2025-10-22T14:48:50.657Z INFO  - 589fad460b75 Download complete
2025-10-22T14:48:50.658Z INFO  - 9c231cb2d468 Verifying Checksum
2025-10-22T14:48:50.659Z INFO  - 9c231cb2d468 Download complete
2025-10-22T14:48:50.659Z INFO  - f515f047c378 Verifying Checksum
2025-10-22T14:48:50.659Z INFO  - f515f047c378 Download complete
2025-10-22T14:48:50.688Z INFO  - c19952135643 Downloading 1MB / 46MB
2025-10-22T14:48:50.813Z INFO  - a7350ec49683 Downloading 1MB / 3MB
2025-10-22T14:48:50.823Z INFO  - e7443d264769 Downloading 536KB / 52MB
2025-10-22T14:48:50.877Z INFO  - 9853498c3852 Downloading 2MB / 53MB
2025-10-22T14:48:50.877Z INFO  - b49b2c83cf45 Downloading 2MB / 35MB
2025-10-22T14:48:50.879Z INFO  - d35c15ecf7c3 Downloading 1KB / 1KB
2025-10-22T14:48:50.917Z INFO  - bb19cf2d87d2 Downloading 271B / 271B
2025-10-22T14:48:50.917Z INFO  - d35c15ecf7c3 Verifying Checksum
2025-10-22T14:48:50.917Z INFO  - d35c15ecf7c3 Download complete
2025-10-22T14:48:50.917Z INFO  - bb19cf2d87d2 Verifying Checksum
2025-10-22T14:48:50.917Z INFO  - bb19cf2d87d2 Download complete
2025-10-22T14:48:51.016Z INFO  - fd9ecfda18c5 Downloading 531KB / 67MB
2025-10-22T14:48:51.056Z INFO  - 6d39a250ce6f Downloading 2MB / 11MB
2025-10-22T14:48:51.062Z INFO  - b49b2c83cf45 Downloading 2MB / 35MB
2025-10-22T14:48:51.062Z INFO  - ab00bebea334 Downloading 2MB / 16MB
2025-10-22T14:48:51.062Z INFO  - 1ca5d31144ac Downloading 3KB / 13KB
2025-10-22T14:48:51.112Z INFO  - 641973008da1 Downloading 418B / 418B
2025-10-22T14:48:51.112Z INFO  - 8a4a7fae06a0 Downloading 1KB / 1KB
2025-10-22T14:48:51.112Z INFO  - 37b276c339a9 Downloading 123B / 123B
2025-10-22T14:48:51.112Z INFO  - 44346c801d5d Downloading 133B / 133B
2025-10-22T14:48:51.112Z INFO  - b9fb3fc165df Downloading 270B / 270B
2025-10-22T14:48:51.112Z INFO  - 1ca5d31144ac Downloading 13KB / 13KB
2025-10-22T14:48:51.131Z INFO  - 641973008da1 Verifying Checksum
2025-10-22T14:48:51.131Z INFO  - 641973008da1 Download complete
2025-10-22T14:48:51.131Z INFO  - a7350ec49683 Downloading 1MB / 3MB
2025-10-22T14:48:51.131Z INFO  - 37b276c339a9 Verifying Checksum
2025-10-22T14:48:51.132Z INFO  - 37b276c339a9 Download complete
2025-10-22T14:48:51.132Z INFO  - 44346c801d5d Verifying Checksum
2025-10-22T14:48:51.132Z INFO  - 44346c801d5d Download complete
2025-10-22T14:48:51.132Z INFO  - b9fb3fc165df Verifying Checksum
2025-10-22T14:48:51.132Z INFO  - b9fb3fc165df Download complete
2025-10-22T14:48:51.132Z INFO  - 1ca5d31144ac Verifying Checksum
2025-10-22T14:48:51.132Z INFO  - 1ca5d31144ac Download complete
2025-10-22T14:48:51.132Z INFO  - 8a4a7fae06a0 Verifying Checksum
2025-10-22T14:48:51.132Z INFO  - 8a4a7fae06a0 Download complete
2025-10-22T14:48:51.294Z INFO  - fd9ecfda18c5 Downloading 1MB / 67MB
2025-10-22T14:48:51.307Z INFO  - a7350ec49683 Downloading 2MB / 3MB
2025-10-22T14:48:51.307Z INFO  - e7443d264769 Downloading 2MB / 52MB
2025-10-22T14:48:51.307Z INFO  - 9853498c3852 Downloading 4MB / 53MB
2025-10-22T14:48:51.307Z INFO  - c19952135643 Downloading 4MB / 46MB
2025-10-22T14:48:51.558Z INFO  - 9853498c3852 Downloading 5MB / 53MB
2025-10-22T14:48:51.558Z INFO  - 6d39a250ce6f Downloading 4MB / 11MB
2025-10-22T14:48:51.558Z INFO  - ab00bebea334 Downloading 4MB / 16MB
2025-10-22T14:48:51.560Z INFO  - f1db0f079fc7 Downloading 483KB / 1MB
2025-10-22T14:48:51.799Z INFO  - e7443d264769 Downloading 3MB / 52MB
2025-10-22T14:48:51.800Z INFO  - ddfd7346bfba Downloading 3MB / 5MB
2025-10-22T14:48:51.817Z INFO  - 9853498c3852 Downloading 6MB / 53MB
2025-10-22T14:48:51.819Z INFO  - b49b2c83cf45 Downloading 6MB / 35MB
2025-10-22T14:48:51.835Z INFO  - ab00bebea334 Downloading 5MB / 16MB
2025-10-22T14:48:51.835Z INFO  - f1db0f079fc7 Downloading 995KB / 1MB
2025-10-22T14:48:51.835Z INFO  - a7350ec49683 Downloading 2MB / 3MB
2025-10-22T14:48:51.875Z INFO  - f1db0f079fc7 Verifying Checksum
2025-10-22T14:48:51.875Z INFO  - f1db0f079fc7 Download complete
2025-10-22T14:48:51.982Z INFO  - ddfd7346bfba Downloading 5MB / 5MB
2025-10-22T14:48:51.990Z INFO  - a7350ec49683 Downloading 3MB / 3MB
2025-10-22T14:48:51.990Z INFO  - 9853498c3852 Downloading 7MB / 53MB
2025-10-22T14:48:51.991Z INFO  - ab00bebea334 Downloading 6MB / 16MB
2025-10-22T14:48:51.991Z INFO  - ddfd7346bfba Verifying Checksum
2025-10-22T14:48:51.991Z INFO  - ddfd7346bfba Download complete
2025-10-22T14:48:51.991Z INFO  - a7350ec49683 Verifying Checksum
2025-10-22T14:48:51.991Z INFO  - a7350ec49683 Download complete
2025-10-22T14:48:52.018Z INFO  - 6d39a250ce6f Downloading 6MB / 11MB
2025-10-22T14:48:52.154Z INFO  - b49b2c83cf45 Downloading 7MB / 35MB
2025-10-22T14:48:52.154Z INFO  - c19952135643 Downloading 6MB / 46MB
2025-10-22T14:48:52.201Z INFO  - ab00bebea334 Downloading 6MB / 16MB
2025-10-22T14:48:52.288Z INFO  - ab00bebea334 Downloading 7MB / 16MB
2025-10-22T14:48:52.346Z INFO  - c19952135643 Downloading 7MB / 46MB
2025-10-22T14:48:52.354Z INFO  - e7443d264769 Downloading 7MB / 52MB
2025-10-22T14:48:52.356Z INFO  - 9853498c3852 Downloading 9MB / 53MB
2025-10-22T14:48:52.376Z INFO  - b49b2c83cf45 Downloading 8MB / 35MB
2025-10-22T14:48:52.483Z INFO  - 9853498c3852 Downloading 10MB / 53MB
2025-10-22T14:48:52.569Z INFO  - fd9ecfda18c5 Downloading 5MB / 67MB
2025-10-22T14:48:52.674Z INFO  - 6d39a250ce6f Downloading 8MB / 11MB
2025-10-22T14:48:52.685Z INFO  - 9853498c3852 Downloading 11MB / 53MB
2025-10-22T14:48:52.778Z INFO  - ab00bebea334 Downloading 8MB / 16MB
2025-10-22T14:48:52.778Z INFO  - e7443d264769 Downloading 9MB / 52MB
2025-10-22T14:48:52.778Z INFO  - b49b2c83cf45 Downloading 10MB / 35MB
2025-10-22T14:48:52.806Z INFO  - ab00bebea334 Downloading 9MB / 16MB
2025-10-22T14:48:52.902Z INFO  - ab00bebea334 Downloading 9MB / 16MB
2025-10-22T14:48:52.937Z INFO  - fd9ecfda18c5 Downloading 6MB / 67MB
2025-10-22T14:48:52.937Z INFO  - 6d39a250ce6f Downloading 9MB / 11MB
2025-10-22T14:48:53.005Z INFO  - c19952135643 Downloading 10MB / 46MB
2025-10-22T14:48:53.111Z INFO  - e7443d264769 Downloading 10MB / 52MB
2025-10-22T14:48:53.111Z INFO  - 9853498c3852 Downloading 12MB / 53MB
2025-10-22T14:48:53.111Z INFO  - fd9ecfda18c5 Downloading 7MB / 67MB
2025-10-22T14:48:53.401Z INFO  - b49b2c83cf45 Downloading 13MB / 35MB
2025-10-22T14:48:53.403Z INFO  - e7443d264769 Downloading 11MB / 52MB
2025-10-22T14:48:53.430Z INFO  - 6d39a250ce6f Verifying Checksum
2025-10-22T14:48:53.430Z INFO  - 6d39a250ce6f Download complete
2025-10-22T14:48:53.430Z INFO  - 9853498c3852 Downloading 13MB / 53MB
2025-10-22T14:48:53.430Z INFO  - fd9ecfda18c5 Downloading 8MB / 67MB
2025-10-22T14:48:53.566Z INFO  - e7443d264769 Downloading 12MB / 52MB
2025-10-22T14:48:53.587Z INFO  - fd9ecfda18c5 Downloading 9MB / 67MB
2025-10-22T14:48:53.604Z INFO  - b49b2c83cf45 Downloading 14MB / 35MB
2025-10-22T14:48:53.604Z INFO  - 9853498c3852 Downloading 14MB / 53MB
2025-10-22T14:48:53.686Z INFO  - ab00bebea334 Downloading 13MB / 16MB
2025-10-22T14:48:53.826Z INFO  - b49b2c83cf45 Downloading 15MB / 35MB
2025-10-22T14:48:53.826Z INFO  - ab00bebea334 Downloading 14MB / 16MB
2025-10-22T14:48:53.826Z INFO  - c19952135643 Downloading 13MB / 46MB
2025-10-22T14:48:53.985Z INFO  - fd9ecfda18c5 Downloading 11MB / 67MB
2025-10-22T14:48:53.986Z INFO  - ab00bebea334 Downloading 14MB / 16MB
2025-10-22T14:48:54.198Z INFO  - ab00bebea334 Downloading 16MB / 16MB
2025-10-22T14:48:54.199Z INFO  - 9853498c3852 Downloading 16MB / 53MB
2025-10-22T14:48:54.199Z INFO  - e7443d264769 Downloading 14MB / 52MB
2025-10-22T14:48:54.199Z INFO  - b49b2c83cf45 Downloading 17MB / 35MB
2025-10-22T14:48:54.199Z INFO  - ab00bebea334 Downloading 16MB / 16MB
2025-10-22T14:48:54.199Z INFO  - ab00bebea334 Verifying Checksum
2025-10-22T14:48:54.199Z INFO  - ab00bebea334 Download complete
2025-10-22T14:48:54.315Z INFO  - c19952135643 Downloading 15MB / 46MB
2025-10-22T14:48:54.315Z INFO  - 9853498c3852 Downloading 17MB / 53MB
2025-10-22T14:48:54.351Z INFO  - b49b2c83cf45 Downloading 17MB / 35MB
2025-10-22T14:48:54.418Z INFO  - e7443d264769 Downloading 15MB / 52MB
2025-10-22T14:48:54.541Z INFO  - c19952135643 Downloading 15MB / 46MB
2025-10-22T14:48:54.748Z INFO  - fd9ecfda18c5 Downloading 13MB / 67MB
2025-10-22T14:48:54.748Z INFO  - 9853498c3852 Downloading 18MB / 53MB
2025-10-22T14:48:54.748Z INFO  - e7443d264769 Downloading 16MB / 52MB
2025-10-22T14:48:54.748Z INFO  - b49b2c83cf45 Downloading 19MB / 35MB
2025-10-22T14:48:55.054Z INFO  - fd9ecfda18c5 Downloading 14MB / 67MB
2025-10-22T14:48:55.056Z INFO  - 9853498c3852 Downloading 19MB / 53MB
2025-10-22T14:48:55.056Z INFO  - e7443d264769 Downloading 18MB / 52MB
2025-10-22T14:48:55.056Z INFO  - b49b2c83cf45 Downloading 21MB / 35MB
2025-10-22T14:48:55.280Z INFO  - e7443d264769 Downloading 19MB / 52MB
2025-10-22T14:48:55.527Z INFO  - 9853498c3852 Downloading 21MB / 53MB
2025-10-22T14:48:55.563Z INFO  - c19952135643 Downloading 20MB / 46MB
2025-10-22T14:48:55.651Z INFO  - b49b2c83cf45 Downloading 24MB / 35MB
2025-10-22T14:48:55.728Z INFO  - fd9ecfda18c5 Downloading 18MB / 67MB
2025-10-22T14:48:55.817Z INFO  - e7443d264769 Downloading 20MB / 52MB
2025-10-22T14:48:56.049Z INFO  - c19952135643 Downloading 22MB / 46MB
2025-10-22T14:48:56.058Z INFO  - fd9ecfda18c5 Downloading 19MB / 67MB
2025-10-22T14:48:56.192Z INFO  - e7443d264769 Downloading 21MB / 52MB
2025-10-22T14:48:56.251Z INFO  - b49b2c83cf45 Downloading 26MB / 35MB
2025-10-22T14:48:56.497Z INFO  - fd9ecfda18c5 Downloading 20MB / 67MB
2025-10-22T14:48:56.498Z INFO  - 9853498c3852 Downloading 26MB / 53MB
2025-10-22T14:48:56.506Z INFO  - e7443d264769 Downloading 23MB / 52MB
2025-10-22T14:48:56.698Z INFO  - c19952135643 Downloading 24MB / 46MB
2025-10-22T14:48:56.698Z INFO  - b49b2c83cf45 Downloading 28MB / 35MB
2025-10-22T14:48:56.865Z INFO  - e7443d264769 Downloading 24MB / 52MB
2025-10-22T14:48:56.873Z INFO  - c19952135643 Downloading 25MB / 46MB
2025-10-22T14:48:57.122Z INFO  - c19952135643 Downloading 26MB / 46MB
2025-10-22T14:48:57.387Z INFO  - e7443d264769 Downloading 25MB / 52MB
2025-10-22T14:48:57.387Z INFO  - b49b2c83cf45 Downloading 29MB / 35MB
2025-10-22T14:48:57.423Z INFO  - fd9ecfda18c5 Downloading 23MB / 67MB
2025-10-22T14:48:57.590Z INFO  - b49b2c83cf45 Downloading 30MB / 35MB
2025-10-22T14:48:57.590Z INFO  - 9853498c3852 Downloading 29MB / 53MB
2025-10-22T14:48:57.628Z INFO  - e7443d264769 Downloading 26MB / 52MB
2025-10-22T14:48:57.879Z INFO  - b49b2c83cf45 Downloading 31MB / 35MB
2025-10-22T14:48:57.879Z INFO  - fd9ecfda18c5 Downloading 24MB / 67MB
2025-10-22T14:48:57.879Z INFO  - 9853498c3852 Downloading 30MB / 53MB
2025-10-22T14:48:57.880Z INFO  - c19952135643 Downloading 28MB / 46MB
2025-10-22T14:48:58.059Z INFO  - c19952135643 Downloading 29MB / 46MB
2025-10-22T14:48:58.059Z INFO  - b49b2c83cf45 Downloading 32MB / 35MB
2025-10-22T14:48:58.059Z INFO  - 9853498c3852 Downloading 31MB / 53MB
2025-10-22T14:48:58.185Z INFO  - b49b2c83cf45 Downloading 33MB / 35MB
2025-10-22T14:48:58.214Z INFO  - fd9ecfda18c5 Downloading 27MB / 67MB
2025-10-22T14:48:58.437Z INFO  - 9853498c3852 Downloading 32MB / 53MB
2025-10-22T14:48:58.437Z INFO  - fd9ecfda18c5 Downloading 27MB / 67MB
2025-10-22T14:48:58.468Z INFO  - e7443d264769 Downloading 28MB / 52MB
2025-10-22T14:48:58.621Z INFO  - e7443d264769 Downloading 29MB / 52MB
2025-10-22T14:48:58.622Z INFO  - b49b2c83cf45 Verifying Checksum
2025-10-22T14:48:58.622Z INFO  - b49b2c83cf45 Download complete
2025-10-22T14:48:58.780Z INFO  - fd9ecfda18c5 Downloading 32MB / 67MB
2025-10-22T14:48:58.895Z INFO  - c19952135643 Downloading 30MB / 46MB
2025-10-22T14:48:59.078Z INFO  - fd9ecfda18c5 Downloading 33MB / 67MB
2025-10-22T14:48:59.085Z INFO  - 9853498c3852 Downloading 39MB / 53MB
2025-10-22T14:48:59.163Z INFO  - e7443d264769 Downloading 32MB / 52MB
2025-10-22T14:48:59.202Z INFO  - fd9ecfda18c5 Downloading 35MB / 67MB
2025-10-22T14:48:59.240Z INFO  - e7443d264769 Downloading 33MB / 52MB
2025-10-22T14:48:59.419Z INFO  - fd9ecfda18c5 Downloading 36MB / 67MB
2025-10-22T14:48:59.552Z INFO  - 9853498c3852 Downloading 44MB / 53MB
2025-10-22T14:48:59.647Z INFO  - fd9ecfda18c5 Downloading 39MB / 67MB
2025-10-22T14:48:59.782Z INFO  - fd9ecfda18c5 Downloading 41MB / 67MB
2025-10-22T14:48:59.809Z INFO  - e7443d264769 Downloading 39MB / 52MB
2025-10-22T14:48:59.809Z INFO  - c19952135643 Downloading 37MB / 46MB
2025-10-22T14:48:59.955Z INFO  - e7443d264769 Downloading 41MB / 52MB
2025-10-22T14:49:00.046Z INFO  - c19952135643 Downloading 39MB / 46MB
2025-10-22T14:49:00.133Z INFO  - 9853498c3852 Downloading 50MB / 53MB
2025-10-22T14:49:00.249Z INFO  - e7443d264769 Downloading 45MB / 52MB
2025-10-22T14:49:00.278Z INFO  - 9853498c3852 Verifying Checksum
2025-10-22T14:49:00.278Z INFO  - 9853498c3852 Download complete
2025-10-22T14:49:00.401Z INFO  - e7443d264769 Downloading 47MB / 52MB
2025-10-22T14:49:00.401Z INFO  - fd9ecfda18c5 Downloading 47MB / 67MB
2025-10-22T14:49:00.533Z INFO  - e7443d264769 Downloading 50MB / 52MB
2025-10-22T14:49:00.580Z INFO  - c19952135643 Verifying Checksum
2025-10-22T14:49:00.582Z INFO  - c19952135643 Download complete
2025-10-22T14:49:00.598Z INFO  - e7443d264769 Verifying Checksum
2025-10-22T14:49:00.599Z INFO  - e7443d264769 Download complete
2025-10-22T14:49:00.612Z INFO  - fd9ecfda18c5 Downloading 50MB / 67MB
2025-10-22T14:49:01.017Z INFO  - fd9ecfda18c5 Downloading 58MB / 67MB
2025-10-22T14:49:01.074Z INFO  - fd9ecfda18c5 Downloading 62MB / 67MB
2025-10-22T14:49:01.437Z INFO  - fd9ecfda18c5 Verifying Checksum
2025-10-22T14:49:01.448Z INFO  - fd9ecfda18c5 Download complete
2025-10-22T14:49:01.754Z INFO  - c19952135643 Extracting 1MB / 46MB
2025-10-22T14:49:02.015Z INFO  - c19952135643 Extracting 2MB / 46MB
2025-10-22T14:49:02.441Z INFO  - c19952135643 Extracting 4MB / 46MB
2025-10-22T14:49:04.507Z INFO  - c19952135643 Extracting 13MB / 46MB
2025-10-22T14:49:05.910Z INFO  - c19952135643 Extracting 22MB / 46MB
2025-10-22T14:49:07.057Z INFO  - c19952135643 Extracting 23MB / 46MB
2025-10-22T14:49:07.556Z INFO  - c19952135643 Extracting 25MB / 46MB
2025-10-22T14:49:07.929Z INFO  - c19952135643 Extracting 27MB / 46MB
2025-10-22T14:49:08.254Z INFO  - c19952135643 Extracting 29MB / 46MB
2025-10-22T14:49:08.508Z INFO  - c19952135643 Extracting 31MB / 46MB
2025-10-22T14:49:08.748Z INFO  - c19952135643 Extracting 32MB / 46MB
2025-10-22T14:49:08.905Z INFO  - c19952135643 Extracting 33MB / 46MB
2025-10-22T14:49:09.339Z INFO  - c19952135643 Extracting 36MB / 46MB
2025-10-22T14:49:09.522Z INFO  - c19952135643 Extracting 37MB / 46MB
2025-10-22T14:49:10.770Z INFO  - c19952135643 Extracting 42MB / 46MB
2025-10-22T14:49:11.167Z INFO  - c19952135643 Extracting 43MB / 46MB
2025-10-22T14:49:11.405Z INFO  - c19952135643 Extracting 44MB / 46MB
2025-10-22T14:49:12.890Z INFO  - c19952135643 Extracting 45MB / 46MB
2025-10-22T14:49:13.611Z INFO  - c19952135643 Extracting 46MB / 46MB
2025-10-22T14:49:13.965Z INFO  - c19952135643 Pull complete
2025-10-22T14:49:15.099Z INFO  - b49b2c83cf45 Extracting 4MB / 35MB
2025-10-22T14:49:15.552Z INFO  - b49b2c83cf45 Extracting 6MB / 35MB
2025-10-22T14:49:15.996Z INFO  - b49b2c83cf45 Extracting 7MB / 35MB
2025-10-22T14:49:16.076Z INFO  - b49b2c83cf45 Extracting 9MB / 35MB
2025-10-22T14:49:16.224Z INFO  - b49b2c83cf45 Extracting 10MB / 35MB
2025-10-22T14:49:16.596Z INFO  - b49b2c83cf45 Extracting 15MB / 35MB
2025-10-22T14:49:16.596Z INFO  - b49b2c83cf45 Extracting 16MB / 35MB
2025-10-22T14:49:17.120Z INFO  - b49b2c83cf45 Extracting 18MB / 35MB
2025-10-22T14:49:17.647Z INFO  - b49b2c83cf45 Extracting 20MB / 35MB
2025-10-22T14:49:18.105Z INFO  - b49b2c83cf45 Extracting 22MB / 35MB
2025-10-22T14:49:18.114Z INFO  - b49b2c83cf45 Extracting 25MB / 35MB
2025-10-22T14:49:18.960Z INFO  - b49b2c83cf45 Extracting 31MB / 35MB
2025-10-22T14:49:19.162Z INFO  - b49b2c83cf45 Extracting 34MB / 35MB
2025-10-22T14:49:19.285Z INFO  - b49b2c83cf45 Extracting 35MB / 35MB
2025-10-22T14:49:19.342Z INFO  - b49b2c83cf45 Pull complete
2025-10-22T14:49:19.475Z INFO  - a7350ec49683 Extracting 896KB / 3MB
2025-10-22T14:49:19.778Z INFO  - a7350ec49683 Extracting 3MB / 3MB
2025-10-22T14:49:19.923Z INFO  - a7350ec49683 Extracting 3MB / 3MB
2025-10-22T14:49:19.934Z INFO  - a7350ec49683 Pull complete
2025-10-22T14:49:19.942Z INFO  - ca64976d1f75 Extracting 387B / 387B
2025-10-22T14:49:19.971Z INFO  - ca64976d1f75 Extracting 387B / 387B
2025-10-22T14:49:19.987Z INFO  - ca64976d1f75 Pull complete
2025-10-22T14:49:19.993Z INFO  - 9c231cb2d468 Extracting 32KB / 1MB
2025-10-22T14:49:20.178Z INFO  - 9c231cb2d468 Extracting 1MB / 1MB
2025-10-22T14:49:20.194Z INFO  - 9c231cb2d468 Pull complete
2025-10-22T14:49:20.203Z INFO  - 6d5ed858bc79 Extracting 32KB / 39KB
2025-10-22T14:49:20.271Z INFO  - 6d5ed858bc79 Extracting 39KB / 39KB
2025-10-22T14:49:20.285Z INFO  - 6d5ed858bc79 Pull complete
2025-10-22T14:49:20.296Z INFO  - b147e1d819b6 Extracting 10KB / 10KB
2025-10-22T14:49:20.310Z INFO  - b147e1d819b6 Extracting 10KB / 10KB
2025-10-22T14:49:20.320Z INFO  - b147e1d819b6 Pull complete
2025-10-22T14:49:20.328Z INFO  - bddeee446dea Extracting 14KB / 14KB
2025-10-22T14:49:20.354Z INFO  - bddeee446dea Extracting 14KB / 14KB
2025-10-22T14:49:20.410Z INFO  - bddeee446dea Pull complete
2025-10-22T14:49:20.534Z INFO  - 3bba0ee51794 Extracting 256KB / 281KB
2025-10-22T14:49:20.554Z INFO  - 3bba0ee51794 Extracting 281KB / 281KB
2025-10-22T14:49:20.571Z INFO  - 3bba0ee51794 Pull complete
2025-10-22T14:49:20.575Z INFO  - 5b5c68b4e022 Extracting 10KB / 10KB
2025-10-22T14:49:20.591Z INFO  - 5b5c68b4e022 Extracting 10KB / 10KB
2025-10-22T14:49:20.616Z INFO  - 5b5c68b4e022 Pull complete
2025-10-22T14:49:20.625Z INFO  - 589fad460b75 Extracting 32KB / 1MB
2025-10-22T14:49:20.658Z INFO  - 589fad460b75 Extracting 1MB / 1MB
2025-10-22T14:49:20.675Z INFO  - 589fad460b75 Pull complete
2025-10-22T14:49:20.682Z INFO  - a4ac82e1650a Extracting 32KB / 1MB
2025-10-22T14:49:20.948Z INFO  - a4ac82e1650a Extracting 1MB / 1MB
2025-10-22T14:49:20.967Z INFO  - a4ac82e1650a Pull complete
2025-10-22T14:49:20.975Z INFO  - 6f8965d4e41b Extracting 3KB / 3KB
2025-10-22T14:49:20.995Z INFO  - 6f8965d4e41b Extracting 3KB / 3KB
2025-10-22T14:49:21.006Z INFO  - 6f8965d4e41b Pull complete
2025-10-22T14:49:21.014Z INFO  - 4f4fb700ef54 Extracting 32B / 32B
2025-10-22T14:49:21.023Z INFO  - 4f4fb700ef54 Extracting 32B / 32B
2025-10-22T14:49:21.056Z INFO  - 4f4fb700ef54 Pull complete
2025-10-22T14:49:21.249Z INFO  - e7443d264769 Extracting 3MB / 52MB
2025-10-22T14:49:21.360Z INFO  - e7443d264769 Extracting 6MB / 52MB
2025-10-22T14:49:21.464Z INFO  - e7443d264769 Extracting 10MB / 52MB
2025-10-22T14:49:21.919Z INFO  - e7443d264769 Extracting 23MB / 52MB
2025-10-22T14:49:22.025Z INFO  - e7443d264769 Extracting 26MB / 52MB
2025-10-22T14:49:23.200Z INFO  - e7443d264769 Extracting 48MB / 52MB
2025-10-22T14:49:23.200Z INFO  - e7443d264769 Extracting 51MB / 52MB
2025-10-22T14:49:23.201Z INFO  - e7443d264769 Extracting 52MB / 52MB
2025-10-22T14:49:23.214Z INFO  - e7443d264769 Pull complete
2025-10-22T14:49:23.289Z INFO  - 9853498c3852 Extracting 544KB / 53MB
2025-10-22T14:49:24.977Z INFO  - 9853498c3852 Extracting 12MB / 53MB
2025-10-22T14:49:25.486Z INFO  - 9853498c3852 Extracting 13MB / 53MB
2025-10-22T14:49:25.791Z INFO  - 9853498c3852 Extracting 15MB / 53MB
2025-10-22T14:49:26.054Z INFO  - 9853498c3852 Extracting 17MB / 53MB
2025-10-22T14:49:26.217Z INFO  - 9853498c3852 Extracting 18MB / 53MB
2025-10-22T14:49:26.641Z INFO  - 9853498c3852 Extracting 20MB / 53MB
2025-10-22T14:49:27.199Z INFO  - 9853498c3852 Extracting 21MB / 53MB
2025-10-22T14:49:27.199Z INFO  - 9853498c3852 Extracting 22MB / 53MB
2025-10-22T14:49:27.676Z INFO  - 9853498c3852 Extracting 24MB / 53MB
2025-10-22T14:49:27.676Z INFO  - 9853498c3852 Extracting 26MB / 53MB
2025-10-22T14:49:28.259Z INFO  - 9853498c3852 Extracting 29MB / 53MB
2025-10-22T14:49:28.949Z INFO  - 9853498c3852 Extracting 31MB / 53MB
2025-10-22T14:49:29.228Z INFO  - 9853498c3852 Extracting 33MB / 53MB
2025-10-22T14:49:29.536Z INFO  - 9853498c3852 Extracting 35MB / 53MB
2025-10-22T14:49:29.537Z INFO  - 9853498c3852 Extracting 36MB / 53MB
2025-10-22T14:49:30.373Z INFO  - 9853498c3852 Extracting 41MB / 53MB
2025-10-22T14:49:30.581Z INFO  - 9853498c3852 Extracting 42MB / 53MB
2025-10-22T14:49:31.081Z INFO  - 9853498c3852 Extracting 43MB / 53MB
2025-10-22T14:49:31.463Z INFO  - 9853498c3852 Extracting 44MB / 53MB
2025-10-22T14:49:31.963Z INFO  - 9853498c3852 Extracting 45MB / 53MB
2025-10-22T14:49:32.403Z INFO  - 9853498c3852 Extracting 46MB / 53MB
2025-10-22T14:49:32.902Z INFO  - 9853498c3852 Extracting 47MB / 53MB
2025-10-22T14:49:33.483Z INFO  - 9853498c3852 Extracting 48MB / 53MB
2025-10-22T14:49:33.970Z INFO  - 9853498c3852 Extracting 49MB / 53MB
2025-10-22T14:49:34.428Z INFO  - 9853498c3852 Extracting 51MB / 53MB
2025-10-22T14:49:35.623Z INFO  - 9853498c3852 Extracting 52MB / 53MB
2025-10-22T14:49:36.160Z INFO  - 9853498c3852 Extracting 53MB / 53MB
2025-10-22T14:49:37.238Z INFO  - 9853498c3852 Extracting 53MB / 53MB
2025-10-22T14:49:37.477Z INFO  - 9853498c3852 Pull complete
2025-10-22T14:49:37.654Z INFO  - 6d39a250ce6f Extracting 2MB / 11MB
2025-10-22T14:49:38.438Z INFO  - 6d39a250ce6f Extracting 6MB / 11MB
2025-10-22T14:49:38.640Z INFO  - 6d39a250ce6f Extracting 8MB / 11MB
2025-10-22T14:49:39.177Z INFO  - 6d39a250ce6f Extracting 8MB / 11MB
2025-10-22T14:49:39.625Z INFO  - 6d39a250ce6f Extracting 9MB / 11MB
2025-10-22T14:49:40.317Z INFO  - 6d39a250ce6f Extracting 10MB / 11MB
2025-10-22T14:49:40.518Z INFO  - 6d39a250ce6f Extracting 10MB / 11MB
2025-10-22T14:49:41.529Z INFO  - 6d39a250ce6f Extracting 11MB / 11MB
2025-10-22T14:49:41.805Z INFO  - 6d39a250ce6f Pull complete
2025-10-22T14:49:42.080Z INFO  - ab00bebea334 Extracting 1MB / 16MB
2025-10-22T14:49:42.663Z INFO  - ab00bebea334 Extracting 4MB / 16MB
2025-10-22T14:49:43.809Z INFO  - ab00bebea334 Extracting 8MB / 16MB
2025-10-22T14:49:44.208Z INFO  - ab00bebea334 Extracting 9MB / 16MB
2025-10-22T14:49:45.345Z INFO  - ab00bebea334 Extracting 10MB / 16MB
2025-10-22T14:49:45.543Z INFO  - ab00bebea334 Extracting 10MB / 16MB
2025-10-22T14:49:47.250Z INFO  - ab00bebea334 Extracting 11MB / 16MB
2025-10-22T14:49:47.753Z INFO  - ab00bebea334 Extracting 12MB / 16MB
2025-10-22T14:49:48.367Z INFO  - ab00bebea334 Extracting 13MB / 16MB
2025-10-22T14:49:49.338Z INFO  - ab00bebea334 Extracting 14MB / 16MB
2025-10-22T14:49:49.510Z INFO  - ab00bebea334 Extracting 14MB / 16MB
2025-10-22T14:49:50.388Z INFO  - ab00bebea334 Extracting 15MB / 16MB
2025-10-22T14:49:50.746Z INFO  - ab00bebea334 Extracting 15MB / 16MB
2025-10-22T14:49:50.931Z INFO  - ab00bebea334 Extracting 16MB / 16MB
2025-10-22T14:49:51.170Z INFO  - ab00bebea334 Extracting 16MB / 16MB
2025-10-22T14:49:51.178Z INFO  - ab00bebea334 Extracting 16MB / 16MB
2025-10-22T14:49:51.817Z INFO  - ab00bebea334 Pull complete
2025-10-22T14:49:51.827Z INFO  - c81914910915 Extracting 126B / 126B
2025-10-22T14:49:51.844Z INFO  - c81914910915 Extracting 126B / 126B
2025-10-22T14:49:51.856Z INFO  - c81914910915 Pull complete
2025-10-22T14:49:52.531Z INFO  - ddfd7346bfba Extracting 5MB / 5MB
2025-10-22T14:49:52.553Z INFO  - ddfd7346bfba Pull complete
2025-10-22T14:49:52.559Z INFO  - c769700e4a44 Extracting 948B / 948B
2025-10-22T14:49:52.572Z INFO  - c769700e4a44 Extracting 948B / 948B
2025-10-22T14:49:52.588Z INFO  - c769700e4a44 Pull complete
2025-10-22T14:49:52.629Z INFO  - 367c9c93200b Extracting 1KB / 1KB
2025-10-22T14:49:52.638Z INFO  - 367c9c93200b Extracting 1KB / 1KB
2025-10-22T14:49:52.651Z INFO  - 367c9c93200b Pull complete
2025-10-22T14:49:52.667Z INFO  - 81378fd52fac Extracting 137B / 137B
2025-10-22T14:49:52.816Z INFO  - 81378fd52fac Extracting 137B / 137B
2025-10-22T14:49:52.847Z INFO  - 81378fd52fac Pull complete
2025-10-22T14:49:53.251Z INFO  - fd9ecfda18c5 Extracting 544KB / 67MB
2025-10-22T14:49:53.686Z INFO  - fd9ecfda18c5 Extracting 3MB / 67MB
2025-10-22T14:49:54.404Z INFO  - fd9ecfda18c5 Extracting 8MB / 67MB
2025-10-22T14:49:55.042Z INFO  - fd9ecfda18c5 Extracting 9MB / 67MB
2025-10-22T14:49:55.484Z INFO  - fd9ecfda18c5 Extracting 11MB / 67MB
2025-10-22T14:49:55.706Z INFO  - fd9ecfda18c5 Extracting 12MB / 67MB
2025-10-22T14:49:55.970Z INFO  - fd9ecfda18c5 Extracting 12MB / 67MB
2025-10-22T14:49:57.111Z INFO  - fd9ecfda18c5 Extracting 14MB / 67MB
2025-10-22T14:49:57.111Z INFO  - fd9ecfda18c5 Extracting 15MB / 67MB
2025-10-22T14:49:58.101Z INFO  - fd9ecfda18c5 Extracting 18MB / 67MB
2025-10-22T14:49:58.385Z INFO  - fd9ecfda18c5 Extracting 21MB / 67MB
2025-10-22T14:49:58.637Z INFO  - fd9ecfda18c5 Extracting 24MB / 67MB
2025-10-22T14:49:59.227Z INFO  - fd9ecfda18c5 Extracting 28MB / 67MB
2025-10-22T14:49:59.656Z INFO  - fd9ecfda18c5 Extracting 32MB / 67MB
2025-10-22T14:49:59.664Z INFO  - fd9ecfda18c5 Extracting 34MB / 67MB
2025-10-22T14:50:00.205Z INFO  - fd9ecfda18c5 Extracting 35MB / 67MB
2025-10-22T14:50:00.445Z INFO  - fd9ecfda18c5 Extracting 38MB / 67MB
2025-10-22T14:50:01.023Z INFO  - fd9ecfda18c5 Extracting 40MB / 67MB
2025-10-22T14:50:01.686Z INFO  - fd9ecfda18c5 Extracting 41MB / 67MB
2025-10-22T14:50:01.992Z INFO  - fd9ecfda18c5 Extracting 43MB / 67MB
2025-10-22T14:50:02.499Z INFO  - fd9ecfda18c5 Extracting 44MB / 67MB
2025-10-22T14:50:03.444Z INFO  - fd9ecfda18c5 Extracting 46MB / 67MB
2025-10-22T14:50:04.799Z INFO  - fd9ecfda18c5 Extracting 47MB / 67MB
2025-10-22T14:50:05.022Z INFO  - fd9ecfda18c5 Extracting 48MB / 67MB
2025-10-22T14:50:05.771Z INFO  - fd9ecfda18c5 Extracting 50MB / 67MB
2025-10-22T14:50:06.673Z INFO  - fd9ecfda18c5 Extracting 51MB / 67MB
2025-10-22T14:50:07.517Z INFO  - fd9ecfda18c5 Extracting 53MB / 67MB
2025-10-22T14:50:07.784Z INFO  - fd9ecfda18c5 Extracting 54MB / 67MB
2025-10-22T14:50:08.497Z INFO  - fd9ecfda18c5 Extracting 57MB / 67MB
2025-10-22T14:50:08.812Z INFO  - fd9ecfda18c5 Extracting 59MB / 67MB
2025-10-22T14:50:09.000Z INFO  - fd9ecfda18c5 Extracting 62MB / 67MB
2025-10-22T14:50:09.126Z INFO  - fd9ecfda18c5 Extracting 63MB / 67MB
2025-10-22T14:50:09.254Z INFO  - fd9ecfda18c5 Extracting 65MB / 67MB
2025-10-22T14:50:09.673Z INFO  - fd9ecfda18c5 Extracting 66MB / 67MB
2025-10-22T14:50:09.887Z INFO  - fd9ecfda18c5 Extracting 67MB / 67MB
2025-10-22T14:50:10.131Z INFO  - fd9ecfda18c5 Pull complete
2025-10-22T14:50:10.141Z INFO  - accbef6a859b Extracting 1KB / 1KB
2025-10-22T14:50:10.151Z INFO  - accbef6a859b Extracting 1KB / 1KB
2025-10-22T14:50:10.167Z INFO  - accbef6a859b Pull complete
2025-10-22T14:50:10.177Z INFO  - 50579af796ea Extracting 1KB / 1KB
2025-10-22T14:50:10.189Z INFO  - 50579af796ea Extracting 1KB / 1KB
2025-10-22T14:50:10.236Z INFO  - 50579af796ea Pull complete
2025-10-22T14:50:10.237Z INFO  - f515f047c378 Extracting 3KB / 3KB
2025-10-22T14:50:10.265Z INFO  - f515f047c378 Extracting 3KB / 3KB
2025-10-22T14:50:10.296Z INFO  - f515f047c378 Pull complete
2025-10-22T14:50:10.315Z INFO  - 726fa8d4ed16 Extracting 156B / 156B
2025-10-22T14:50:10.408Z INFO  - 726fa8d4ed16 Extracting 156B / 156B
2025-10-22T14:50:10.429Z INFO  - 726fa8d4ed16 Pull complete
2025-10-22T14:50:10.576Z INFO  - 1ca5d31144ac Extracting 13KB / 13KB
2025-10-22T14:50:10.614Z INFO  - 1ca5d31144ac Extracting 13KB / 13KB
2025-10-22T14:50:10.840Z INFO  - 1ca5d31144ac Pull complete
2025-10-22T14:50:10.849Z INFO  - d35c15ecf7c3 Extracting 1KB / 1KB
2025-10-22T14:50:10.866Z INFO  - d35c15ecf7c3 Extracting 1KB / 1KB
2025-10-22T14:50:11.076Z INFO  - d35c15ecf7c3 Pull complete
2025-10-22T14:50:11.120Z INFO  - bb19cf2d87d2 Extracting 271B / 271B
2025-10-22T14:50:11.130Z INFO  - bb19cf2d87d2 Extracting 271B / 271B
2025-10-22T14:50:11.288Z INFO  - bb19cf2d87d2 Pull complete
2025-10-22T14:50:11.298Z INFO  - b9fb3fc165df Extracting 270B / 270B
2025-10-22T14:50:11.308Z INFO  - b9fb3fc165df Extracting 270B / 270B
2025-10-22T14:50:11.323Z INFO  - b9fb3fc165df Pull complete
2025-10-22T14:50:11.463Z INFO  - 37b276c339a9 Extracting 123B / 123B
2025-10-22T14:50:11.478Z INFO  - 37b276c339a9 Extracting 123B / 123B
2025-10-22T14:50:11.489Z INFO  - 37b276c339a9 Pull complete
2025-10-22T14:50:11.493Z INFO  - 641973008da1 Extracting 418B / 418B
2025-10-22T14:50:11.509Z INFO  - 641973008da1 Extracting 418B / 418B
2025-10-22T14:50:11.525Z INFO  - 641973008da1 Pull complete
2025-10-22T14:50:11.533Z INFO  - 8a4a7fae06a0 Extracting 1KB / 1KB
2025-10-22T14:50:11.557Z INFO  - 8a4a7fae06a0 Extracting 1KB / 1KB
2025-10-22T14:50:11.631Z INFO  - 8a4a7fae06a0 Pull complete
2025-10-22T14:50:11.979Z INFO  - f1db0f079fc7 Extracting 288KB / 1MB
2025-10-22T14:50:12.242Z INFO  - f1db0f079fc7 Extracting 800KB / 1MB
2025-10-22T14:50:12.502Z INFO  - f1db0f079fc7 Extracting 1MB / 1MB
2025-10-22T14:50:12.687Z INFO  - f1db0f079fc7 Extracting 1MB / 1MB
2025-10-22T14:50:12.766Z INFO  - f1db0f079fc7 Pull complete
2025-10-22T14:50:12.793Z INFO  - 44346c801d5d Extracting 133B / 133B
2025-10-22T14:50:12.805Z INFO  - 44346c801d5d Extracting 133B / 133B
2025-10-22T14:50:12.814Z INFO  - 44346c801d5d Pull complete
2025-10-22T14:50:12.916Z INFO  -  Digest: sha256:87e250814d46e564f3e6e6b16a772471fdfa9c507e10415be73c4300f6a97cd4
2025-10-22T14:50:12.925Z INFO  -  Status: Downloaded newer image for 10.1.0.6:13209/appsvc/node:22-lts_20250724.2.tuxprod
2025-10-22T14:50:13.030Z INFO  - Pull Image successful, Time taken: 83 Seconds
2025-10-22T14:50:17.441Z INFO  - Starting container for site
2025-10-22T14:50:17.442Z INFO  - docker run -d --expose=8080 --name backend-gruppii_0_24e271d1 -e WEBSITE_USE_DIAGNOSTIC_SERVER=true -e WEBSITE_SITE_NAME=backend-gruppii -e WEBSITE_AUTH_ENABLED=False -e WEBSITE_ROLE_INSTANCE_ID=0 -e WEBSITE_HOSTNAME=backend-gruppii.azurewebsites.net -e WEBSITE_INSTANCE_ID=f93bf488987d77f8cbe0ded42ae0f9f0a384dd40f2d965908ea50274dc78abc8 -e NODE_OPTIONS=--require /agents/nodejs/build/src/Loader.js appsvc/node:22-lts_20250724.2.tuxprod 
2025-10-22T14:50:17.442Z INFO  - Logging is not enabled for this container.
Please use https://aka.ms/linux-diagnostics to enable logging to see container logs here.
2025-10-22T14:50:21.803Z INFO  - Initiating warmup request to container backend-gruppii_0_24e271d1 for site backend-gruppii
2025-10-22T14:50:40.190Z INFO  - Waiting for response to warmup request for container backend-gruppii_0_24e271d1. Elapsed time = 18.414564 sec
2025-10-22T14:50:54.285Z ERROR - Container backend-gruppii_0_24e271d1 for site backend-gruppii has exited, failing site start
2025-10-22T14:50:54.323Z ERROR - Container backend-gruppii_0_24e271d1 didn't respond to HTTP pings on port: 8080. Failing site start. See container logs for debugging.
2025-10-22T14:50:54.542Z INFO  - Stopping site backend-gruppii because it failed during startup.
2025-10-22T14:51:05.807Z INFO  - Starting container for site
2025-10-22T14:51:05.809Z INFO  - docker run -d --expose=8080 --name backend-gruppii_0_a0352abb -e WEBSITE_USE_DIAGNOSTIC_SERVER=true -e WEBSITE_SITE_NAME=backend-gruppii -e WEBSITE_AUTH_ENABLED=False -e WEBSITE_ROLE_INSTANCE_ID=0 -e WEBSITE_HOSTNAME=backend-gruppii.azurewebsites.net -e WEBSITE_INSTANCE_ID=f93bf488987d77f8cbe0ded42ae0f9f0a384dd40f2d965908ea50274dc78abc8 -e NODE_OPTIONS=--require /agents/nodejs/build/src/Loader.js appsvc/node:22-lts_20250724.2.tuxprod 
2025-10-22T14:51:05.812Z INFO  - Logging is not enabled for this container.
Please use https://aka.ms/linux-diagnostics to enable logging to see container logs here.
2025-10-22T14:51:13.155Z INFO  - Initiating warmup request to container backend-gruppii_0_a0352abb for site backend-gruppii
2025-10-22T14:51:31.725Z INFO  - Waiting for response to warmup request for container backend-gruppii_0_a0352abb. Elapsed time = 18.5701022 sec
2025-10-22T14:51:39.443Z ERROR - Container backend-gruppii_0_a0352abb for site backend-gruppii has exited, failing site start
2025-10-22T14:51:39.462Z ERROR - Container backend-gruppii_0_a0352abb didn't respond to HTTP pings on port: 8080. Failing site start. See container logs for debugging.
2025-10-22T14:51:39.492Z INFO  - Stopping site backend-gruppii because it failed during startup.
2025-10-22T14:51:45.569Z INFO  - Starting container for site
2025-10-22T14:51:45.571Z INFO  - docker run -d --expose=8080 --name backend-gruppii_0_868e6689 -e WEBSITE_USE_DIAGNOSTIC_SERVER=true -e WEBSITE_SITE_NAME=backend-gruppii -e WEBSITE_AUTH_ENABLED=False -e WEBSITE_ROLE_INSTANCE_ID=0 -e WEBSITE_HOSTNAME=backend-gruppii.azurewebsites.net -e WEBSITE_INSTANCE_ID=f93bf488987d77f8cbe0ded42ae0f9f0a384dd40f2d965908ea50274dc78abc8 -e NODE_OPTIONS=--require /agents/nodejs/build/src/Loader.js appsvc/node:22-lts_20250724.2.tuxprod 
2025-10-22T14:51:45.572Z INFO  - Logging is not enabled for this container.
Please use https://aka.ms/linux-diagnostics to enable logging to see container logs here.
2025-10-22T14:51:49.605Z INFO  - Initiating warmup request to container backend-gruppii_0_868e6689 for site backend-gruppii
2025-10-22T14:52:12.181Z INFO  - Waiting for response to warmup request for container backend-gruppii_0_868e6689. Elapsed time = 22.5749174 sec
2025-10-22T14:52:27.166Z ERROR - Container backend-gruppii_0_868e6689 for site backend-gruppii has exited, failing site start
2025-10-22T14:52:27.323Z ERROR - Container backend-gruppii_0_868e6689 didn't respond to HTTP pings on port: 8080. Failing site start. See container logs for debugging.
2025-10-22T14:52:27.371Z INFO  - Stopping site backend-gruppii because it failed during startup.
2025-10-22T14:52:36.324Z INFO  - Starting container for site
2025-10-22T14:52:36.326Z INFO  - docker run -d --expose=8080 --name backend-gruppii_0_abbb113e -e WEBSITE_USE_DIAGNOSTIC_SERVER=true -e WEBSITE_SITE_NAME=backend-gruppii -e WEBSITE_AUTH_ENABLED=False -e WEBSITE_ROLE_INSTANCE_ID=0 -e WEBSITE_HOSTNAME=backend-gruppii.azurewebsites.net -e WEBSITE_INSTANCE_ID=f93bf488987d77f8cbe0ded42ae0f9f0a384dd40f2d965908ea50274dc78abc8 -e NODE_OPTIONS=--require /agents/nodejs/build/src/Loader.js appsvc/node:22-lts_20250724.2.tuxprod 
2025-10-22T14:52:36.333Z INFO  - Logging is not enabled for this container.
Please use https://aka.ms/linux-diagnostics to enable logging to see container logs here.
2025-10-22T14:52:42.920Z INFO  - Initiating warmup request to container backend-gruppii_0_abbb113e for site backend-gruppii
2025-10-22T14:53:01.533Z INFO  - Waiting for response to warmup request for container backend-gruppii_0_abbb113e. Elapsed time = 18.6136015 sec
2025-10-22T14:53:15.935Z ERROR - Container backend-gruppii_0_abbb113e for site backend-gruppii has exited, failing site start
2025-10-22T14:53:15.980Z ERROR - Container backend-gruppii_0_abbb113e didn't respond to HTTP pings on port: 8080. Failing site start. See container logs for debugging.
2025-10-22T14:53:16.001Z INFO  - Stopping site backend-gruppii because it failed during startup.
2025-10-22T14:56:59.8241591Z Container start method called.
2025-10-22T14:56:59.8322620Z Establishing network.
2025-10-22T14:56:59.8402782Z Pulling image: appsvc/node:22-lts_20250724.2.tuxprod.
2025-10-22T14:57:00.3722401Z Container is starting.
2025-10-22T14:57:00.3812751Z Establishing user namespace if not established already.
2025-10-22T14:57:00.3823672Z Establishing network if not established already.
2025-10-22T14:57:00.3825436Z Mounting volumes.
2025-10-22T14:57:00.3831092Z Nested mountpoint 
2025-10-22T14:57:00.4493735Z Nested mountpoint volatile/logs
2025-10-22T14:57:00.4684183Z Nested mountpoint 
2025-10-22T14:57:00.4712064Z Nested mountpoint 
2025-10-22T14:57:00.5569435Z Nested mountpoint 
2025-10-22T14:57:00.5678366Z Nested mountpoint 
2025-10-22T14:57:00.6339507Z Nested mountpoint 
2025-10-22T14:57:02.3791769Z Creating container.
2025-10-22T14:57:02.3968325Z Creating pipes for streaming container io.
2025-10-22T14:57:02.3973403Z Creating stdout named pipe at /podr/container/pipe/eb4b2cb2afcc_backend-gruppii/stdout_1f3a6a00288c4d72accf4dcc0336517f.
2025-10-22T14:57:02.3983915Z Successfully created stdout named pipe at: /podr/container/pipe/eb4b2cb2afcc_backend-gruppii/stdout_1f3a6a00288c4d72accf4dcc0336517f.
2025-10-22T14:57:02.3990589Z Opening named pipe /podr/container/pipe/eb4b2cb2afcc_backend-gruppii/stdout_1f3a6a00288c4d72accf4dcc0336517f for reading in non-blocking mode.
2025-10-22T14:57:02.3993474Z Successfully opened named pipe: /podr/container/pipe/eb4b2cb2afcc_backend-gruppii/stdout_1f3a6a00288c4d72accf4dcc0336517f.
2025-10-22T14:57:02.4152807Z Successfully removed non-blocking flag from /podr/container/pipe/eb4b2cb2afcc_backend-gruppii/stdout_1f3a6a00288c4d72accf4dcc0336517f.
2025-10-22T14:57:02.4154814Z Creating stderr named pipe at /podr/container/pipe/eb4b2cb2afcc_backend-gruppii/stderr_c2587107b9f7416ca188d31747b25aa2.
2025-10-22T14:57:02.4156947Z Successfully created stderr named pipe at: /podr/container/pipe/eb4b2cb2afcc_backend-gruppii/stderr_c2587107b9f7416ca188d31747b25aa2.
2025-10-22T14:57:02.4157951Z Opening named pipe /podr/container/pipe/eb4b2cb2afcc_backend-gruppii/stderr_c2587107b9f7416ca188d31747b25aa2 for reading in non-blocking mode.
2025-10-22T14:57:02.4159338Z Successfully opened named pipe: /podr/container/pipe/eb4b2cb2afcc_backend-gruppii/stderr_c2587107b9f7416ca188d31747b25aa2.
2025-10-22T14:57:02.4160330Z Successfully removed non-blocking flag from /podr/container/pipe/eb4b2cb2afcc_backend-gruppii/stderr_c2587107b9f7416ca188d31747b25aa2.
2025-10-22T14:57:02.4182660Z Creating container with image: appsvc/node:22-lts_20250724.2.tuxprod from registry: 10.1.0.5:13209 and fully qualified image name: 10.1.0.5:13209/appsvc/node:22-lts_20250724.2.tuxprod
2025-10-22T14:57:04.6980525Z Starting container: eb4b2cb2afcc_backend-gruppii.
2025-10-22T14:57:04.8516777Z Starting watchers and probes.
2025-10-22T14:57:04.8807667Z Starting metrics collection.
2025-10-22T14:57:04.8811426Z Container is running.
2025-10-22T14:57:05.6496156Z Container start method finished after 5818 ms.
2025-10-22T14:57:52.5855439Z Container has finished running with exit code: 1.
2025-10-22T14:57:52.6016092Z Container is terminating. Grace period: 5 seconds.
2025-10-22T14:57:52.6122371Z Stop and delete container. Retry count = 0
2025-10-22T14:57:52.6141833Z Stopping container: eb4b2cb2afcc_backend-gruppii.
2025-10-22T14:57:52.7291001Z Deleting container: eb4b2cb2afcc_backend-gruppii. Retry count = 0
2025-10-22T14:57:54.1310755Z Container spec TerminationMessagePolicy  path 
2025-10-22T14:57:54.1422907Z Container is terminated. Total time elapsed: 1531 ms.
2025-10-22T14:57:54.1512444Z Site container: backend-gruppii terminated during site startup.
2025-10-22T14:57:54.1655256Z Site startup probe failed after 48.448761 seconds.
2025-10-22T14:57:54.2582428Z Failed to start site. Revert by stopping site.
2025-10-22T14:57:54.2676032Z Site: backend-gruppii stopped.
2025-10-22T14:57:58.619Z INFO  - Starting container for site
2025-10-22T14:57:58.629Z INFO  - docker run -d --expose=8080 --name backend-gruppii_0_832efcb7 -e WEBSITE_USE_DIAGNOSTIC_SERVER=true -e WEBSITE_SITE_NAME=backend-gruppii -e WEBSITE_AUTH_ENABLED=False -e WEBSITE_ROLE_INSTANCE_ID=0 -e WEBSITE_HOSTNAME=backend-gruppii.azurewebsites.net -e WEBSITE_INSTANCE_ID=f93bf488987d77f8cbe0ded42ae0f9f0a384dd40f2d965908ea50274dc78abc8 -e NODE_OPTIONS=--require /agents/nodejs/build/src/Loader.js appsvc/node:22-lts_20250724.2.tuxprod 
2025-10-22T14:57:58.630Z INFO  - Logging is not enabled for this container.
Please use https://aka.ms/linux-diagnostics to enable logging to see container logs here.
2025-10-22T14:58:03.795Z INFO  - Initiating warmup request to container backend-gruppii_0_832efcb7 for site backend-gruppii
2025-10-22T14:58:23.078Z INFO  - Waiting for response to warmup request for container backend-gruppii_0_832efcb7. Elapsed time = 19.2834561 sec
2025-10-22T14:58:35.998Z ERROR - Container backend-gruppii_0_832efcb7 for site backend-gruppii has exited, failing site start
2025-10-22T14:58:36.026Z ERROR - Container backend-gruppii_0_832efcb7 didn't respond to HTTP pings on port: 8080. Failing site start. See container logs for debugging.
2025-10-22T14:58:36.051Z INFO  - Stopping site backend-gruppii because it failed during startup.
2025-10-22T15:02:04.319Z INFO  - Starting container for site
2025-10-22T15:02:04.668Z INFO  - docker run -d --expose=8080 --name backend-gruppii_0_fac6894a -e WEBSITE_USE_DIAGNOSTIC_SERVER=true -e WEBSITE_SITE_NAME=backend-gruppii -e WEBSITE_AUTH_ENABLED=False -e WEBSITE_ROLE_INSTANCE_ID=0 -e WEBSITE_HOSTNAME=backend-gruppii.azurewebsites.net -e WEBSITE_INSTANCE_ID=f93bf488987d77f8cbe0ded42ae0f9f0a384dd40f2d965908ea50274dc78abc8 -e NODE_OPTIONS=--require /agents/nodejs/build/src/Loader.js appsvc/node:22-lts_20250724.2.tuxprod 
2025-10-22T15:02:04.669Z INFO  - Logging is not enabled for this container.
Please use https://aka.ms/linux-diagnostics to enable logging to see container logs here.
2025-10-22T15:02:30.071Z INFO  - Initiating warmup request to container backend-gruppii_0_fac6894a for site backend-gruppii
2025-10-22T15:02:56.329Z INFO  - Waiting for response to warmup request for container backend-gruppii_0_fac6894a. Elapsed time = 26.2489779 sec
2025-10-22T15:03:09.295Z ERROR - Container backend-gruppii_0_fac6894a for site backend-gruppii has exited, failing site start
2025-10-22T15:03:09.341Z ERROR - Container backend-gruppii_0_fac6894a didn't respond to HTTP pings on port: 8080. Failing site start. See container logs for debugging.
2025-10-22T15:03:09.450Z INFO  - Stopping site backend-gruppii because it failed during startup.
2025-10-22T15:06:19.4252485Z Container start method called.
2025-10-22T15:06:19.5230564Z Establishing network.
2025-10-22T15:06:19.6256534Z Pulling image: appsvc/node:22-lts_20250724.2.tuxprod.
2025-10-22T15:08:39.2988122Z Image appsvc/node:22-lts_20250724.2.tuxprod is pulled from registry 10.1.0.5:13209
2025-10-22T15:08:39.3090143Z Container is starting.
2025-10-22T15:08:39.3351244Z Establishing user namespace if not established already.
2025-10-22T15:08:39.3359076Z Establishing network if not established already.
2025-10-22T15:08:39.3559313Z Mounting volumes.
2025-10-22T15:08:39.3763184Z Nested mountpoint 
2025-10-22T15:08:39.4991294Z Nested mountpoint volatile/logs
2025-10-22T15:08:39.5762004Z Nested mountpoint 
2025-10-22T15:08:39.8111632Z Nested mountpoint 
2025-10-22T15:08:39.8409835Z Nested mountpoint 
2025-10-22T15:08:39.9077673Z Nested mountpoint 
2025-10-22T15:08:39.9193686Z Nested mountpoint 
2025-10-22T15:08:42.9116605Z Creating container.
2025-10-22T15:08:42.9120208Z Creating pipes for streaming container io.
2025-10-22T15:08:42.9509436Z Creating stdout named pipe at /podr/container/pipe/9cfdcb10465a_backend-gruppii/stdout_eaf458e462984793a3c9d280274bb548.
2025-10-22T15:08:42.9899696Z Successfully created stdout named pipe at: /podr/container/pipe/9cfdcb10465a_backend-gruppii/stdout_eaf458e462984793a3c9d280274bb548.
2025-10-22T15:08:42.9906159Z Opening named pipe /podr/container/pipe/9cfdcb10465a_backend-gruppii/stdout_eaf458e462984793a3c9d280274bb548 for reading in non-blocking mode.
2025-10-22T15:08:43.0058956Z Successfully opened named pipe: /podr/container/pipe/9cfdcb10465a_backend-gruppii/stdout_eaf458e462984793a3c9d280274bb548.
2025-10-22T15:08:43.0096835Z Successfully removed non-blocking flag from /podr/container/pipe/9cfdcb10465a_backend-gruppii/stdout_eaf458e462984793a3c9d280274bb548.
2025-10-22T15:08:43.0483852Z Creating stderr named pipe at /podr/container/pipe/9cfdcb10465a_backend-gruppii/stderr_98859a3e3c3741aba0be14221c7df386.
2025-10-22T15:08:43.0650173Z Successfully created stderr named pipe at: /podr/container/pipe/9cfdcb10465a_backend-gruppii/stderr_98859a3e3c3741aba0be14221c7df386.
2025-10-22T15:08:43.0657571Z Opening named pipe /podr/container/pipe/9cfdcb10465a_backend-gruppii/stderr_98859a3e3c3741aba0be14221c7df386 for reading in non-blocking mode.
2025-10-22T15:08:43.0662270Z Successfully opened named pipe: /podr/container/pipe/9cfdcb10465a_backend-gruppii/stderr_98859a3e3c3741aba0be14221c7df386.
2025-10-22T15:08:43.0666657Z Successfully removed non-blocking flag from /podr/container/pipe/9cfdcb10465a_backend-gruppii/stderr_98859a3e3c3741aba0be14221c7df386.
2025-10-22T15:08:43.0938623Z Creating container with image: appsvc/node:22-lts_20250724.2.tuxprod from registry: 10.1.0.5:13209 and fully qualified image name: 10.1.0.5:13209/appsvc/node:22-lts_20250724.2.tuxprod
2025-10-22T15:08:45.0035490Z Starting container: 9cfdcb10465a_backend-gruppii.
2025-10-22T15:08:45.1253975Z Starting watchers and probes.
2025-10-22T15:08:45.1438153Z Starting metrics collection.
2025-10-22T15:08:45.1524563Z Container is running.
2025-10-22T15:08:46.3886691Z Container start method finished after 146932 ms.
2025-10-22T15:09:27.5227569Z Container has finished running with exit code: 1.
2025-10-22T15:09:27.5323456Z Container is terminating. Grace period: 5 seconds.
2025-10-22T15:09:27.5457442Z Stop and delete container. Retry count = 0
2025-10-22T15:09:27.5528487Z Stopping container: 9cfdcb10465a_backend-gruppii.
2025-10-22T15:09:27.6761370Z Deleting container: 9cfdcb10465a_backend-gruppii. Retry count = 0
2025-10-22T15:09:30.0411749Z Container spec TerminationMessagePolicy  path 
2025-10-22T15:09:30.0433807Z Container is terminated. Total time elapsed: 2507 ms.
2025-10-22T15:09:30.0531482Z Site container: backend-gruppii terminated during site startup.
2025-10-22T15:09:30.0985919Z Site startup probe failed after 43.5985663 seconds.
2025-10-22T15:09:30.2684978Z Failed to start site. Revert by stopping site.
2025-10-22T15:09:30.3178863Z Site: backend-gruppii stopped.
2025-10-22T15:10:56.043Z INFO  - Starting container for site
2025-10-22T15:10:56.053Z INFO  - docker run -d --expose=8080 --name backend-gruppii_0_82df75a1 -e WEBSITE_USE_DIAGNOSTIC_SERVER=true -e WEBSITE_SITE_NAME=backend-gruppii -e WEBSITE_AUTH_ENABLED=False -e WEBSITE_ROLE_INSTANCE_ID=0 -e WEBSITE_HOSTNAME=backend-gruppii.azurewebsites.net -e WEBSITE_INSTANCE_ID=f93bf488987d77f8cbe0ded42ae0f9f0a384dd40f2d965908ea50274dc78abc8 -e NODE_OPTIONS=--require /agents/nodejs/build/src/Loader.js appsvc/node:22-lts_20250724.2.tuxprod 
2025-10-22T15:10:56.054Z INFO  - Logging is not enabled for this container.
Please use https://aka.ms/linux-diagnostics to enable logging to see container logs here.
2025-10-22T15:11:00.581Z INFO  - Initiating warmup request to container backend-gruppii_0_82df75a1 for site backend-gruppii
2025-10-22T15:11:18.705Z INFO  - Waiting for response to warmup request for container backend-gruppii_0_82df75a1. Elapsed time = 18.1247389 sec
2025-10-22T15:11:31.149Z ERROR - Container backend-gruppii_0_82df75a1 for site backend-gruppii has exited, failing site start
2025-10-22T15:11:31.179Z ERROR - Container backend-gruppii_0_82df75a1 didn't respond to HTTP pings on port: 8080. Failing site start. See container logs for debugging.
2025-10-22T15:11:31.316Z INFO  - Stopping site backend-gruppii because it failed during startup.
2025-10-22T15:14:10.686Z INFO  - Starting container for site
2025-10-22T15:14:10.687Z INFO  - docker run -d --expose=8080 --name backend-gruppii_0_601e4749 -e WEBSITE_USE_DIAGNOSTIC_SERVER=true -e WEBSITE_SITE_NAME=backend-gruppii -e WEBSITE_AUTH_ENABLED=False -e WEBSITE_ROLE_INSTANCE_ID=0 -e WEBSITE_HOSTNAME=backend-gruppii.azurewebsites.net -e WEBSITE_INSTANCE_ID=f93bf488987d77f8cbe0ded42ae0f9f0a384dd40f2d965908ea50274dc78abc8 -e NODE_OPTIONS=--require /agents/nodejs/build/src/Loader.js appsvc/node:22-lts_20250724.2.tuxprod 
2025-10-22T15:14:10.692Z INFO  - Logging is not enabled for this container.
Please use https://aka.ms/linux-diagnostics to enable logging to see container logs here.
2025-10-22T15:14:13.711Z INFO  - Initiating warmup request to container backend-gruppii_0_601e4749 for site backend-gruppii
2025-10-22T15:14:31.417Z INFO  - Waiting for response to warmup request for container backend-gruppii_0_601e4749. Elapsed time = 17.7063855 sec
2025-10-22T15:14:44.868Z ERROR - Container backend-gruppii_0_601e4749 for site backend-gruppii has exited, failing site start
2025-10-22T15:14:44.883Z ERROR - Container backend-gruppii_0_601e4749 didn't respond to HTTP pings on port: 8080. Failing site start. See container logs for debugging.
2025-10-22T15:14:44.901Z INFO  - Stopping site backend-gruppii because it failed during startup.
2025-10-22T15:17:23.377Z INFO  - Starting container for site
2025-10-22T15:17:23.405Z INFO  - docker run -d --expose=8080 --name backend-gruppii_0_529c2bbb -e WEBSITE_USE_DIAGNOSTIC_SERVER=true -e WEBSITE_SITE_NAME=backend-gruppii -e WEBSITE_AUTH_ENABLED=False -e WEBSITE_ROLE_INSTANCE_ID=0 -e WEBSITE_HOSTNAME=backend-gruppii.azurewebsites.net -e WEBSITE_INSTANCE_ID=f93bf488987d77f8cbe0ded42ae0f9f0a384dd40f2d965908ea50274dc78abc8 -e NODE_OPTIONS=--require /agents/nodejs/build/src/Loader.js appsvc/node:22-lts_20250724.2.tuxprod 
2025-10-22T15:17:23.406Z INFO  - Logging is not enabled for this container.
Please use https://aka.ms/linux-diagnostics to enable logging to see container logs here.
2025-10-22T15:17:32.954Z INFO  - Initiating warmup request to container backend-gruppii_0_529c2bbb for site backend-gruppii
2025-10-22T15:17:50.702Z INFO  - Waiting for response to warmup request for container backend-gruppii_0_529c2bbb. Elapsed time = 17.7482764 sec
2025-10-22T15:17:59.940Z ERROR - Container backend-gruppii_0_529c2bbb for site backend-gruppii has exited, failing site start
2025-10-22T15:18:00.007Z ERROR - Container backend-gruppii_0_529c2bbb didn't respond to HTTP pings on port: 8080. Failing site start. See container logs for debugging.
2025-10-22T15:18:00.068Z INFO  - Stopping site backend-gruppii because it failed during startup.
2025-10-22T15:20:57.929Z INFO  - Starting container for site
2025-10-22T15:20:57.931Z INFO  - docker run -d --expose=8080 --name backend-gruppii_0_fd6dc7ab -e WEBSITE_USE_DIAGNOSTIC_SERVER=true -e WEBSITE_SITE_NAME=backend-gruppii -e WEBSITE_AUTH_ENABLED=False -e WEBSITE_ROLE_INSTANCE_ID=0 -e WEBSITE_HOSTNAME=backend-gruppii.azurewebsites.net -e WEBSITE_INSTANCE_ID=f93bf488987d77f8cbe0ded42ae0f9f0a384dd40f2d965908ea50274dc78abc8 -e HTTP_LOGGING_ENABLED=1 -e NODE_OPTIONS=--require /agents/nodejs/build/src/Loader.js appsvc/node:22-lts_20250724.2.tuxprod 
2025-10-22T15:21:04.654Z INFO  - Initiating warmup request to container backend-gruppii_0_fd6dc7ab for site backend-gruppii
2025-10-22T15:21:26.078Z INFO  - Waiting for response to warmup request for container backend-gruppii_0_fd6dc7ab. Elapsed time = 21.4174489 sec
2025-10-22T15:21:44.513Z INFO  - Waiting for response to warmup request for container backend-gruppii_0_fd6dc7ab. Elapsed time = 39.8689455 sec
2025-10-22T15:22:06.390Z ERROR - Container backend-gruppii_0_fd6dc7ab for site backend-gruppii has exited, failing site start
2025-10-22T15:22:06.582Z ERROR - Container backend-gruppii_0_fd6dc7ab didn't respond to HTTP pings on port: 8080. Failing site start. See container logs for debugging.
2025-10-22T15:22:06.835Z INFO  - Stopping site backend-gruppii because it failed during startup.
2025-10-22T15:28:57.360Z INFO  - Starting container for site
2025-10-22T15:28:57.364Z INFO  - docker run -d --expose=8080 --name backend-gruppii_0_961611f6 -e WEBSITE_USE_DIAGNOSTIC_SERVER=true -e WEBSITE_SITE_NAME=backend-gruppii -e WEBSITE_AUTH_ENABLED=False -e WEBSITE_ROLE_INSTANCE_ID=0 -e WEBSITE_HOSTNAME=backend-gruppii.azurewebsites.net -e WEBSITE_INSTANCE_ID=f93bf488987d77f8cbe0ded42ae0f9f0a384dd40f2d965908ea50274dc78abc8 -e HTTP_LOGGING_ENABLED=1 -e NODE_OPTIONS=--require /agents/nodejs/build/src/Loader.js appsvc/node:22-lts_20250724.2.tuxprod 
2025-10-22T15:29:09.928Z INFO  - Initiating warmup request to container backend-gruppii_0_961611f6 for site backend-gruppii
2025-10-22T15:29:34.397Z INFO  - Waiting for response to warmup request for container backend-gruppii_0_961611f6. Elapsed time = 24.486134 sec
2025-10-22T15:30:08.335Z INFO  - Waiting for response to warmup request for container backend-gruppii_0_961611f6. Elapsed time = 58.4244776 sec
2025-10-22T15:30:18.632Z ERROR - Container backend-gruppii_0_961611f6 for site backend-gruppii has exited, failing site start
2025-10-22T15:30:18.806Z ERROR - Container backend-gruppii_0_961611f6 didn't respond to HTTP pings on port: 8080. Failing site start. See container logs for debugging.
2025-10-22T15:30:19.162Z INFO  - Stopping site backend-gruppii because it failed during startup.
2025-10-22T15:36:23.253Z INFO  - Starting container for site
2025-10-22T15:36:23.275Z INFO  - docker run -d --expose=8080 --name backend-gruppii_0_b5b2922f -e WEBSITE_USE_DIAGNOSTIC_SERVER=true -e WEBSITE_SITE_NAME=backend-gruppii -e WEBSITE_AUTH_ENABLED=False -e WEBSITE_ROLE_INSTANCE_ID=0 -e WEBSITE_HOSTNAME=backend-gruppii.azurewebsites.net -e WEBSITE_INSTANCE_ID=f93bf488987d77f8cbe0ded42ae0f9f0a384dd40f2d965908ea50274dc78abc8 -e HTTP_LOGGING_ENABLED=1 -e NODE_OPTIONS=--require /agents/nodejs/build/src/Loader.js appsvc/node:22-lts_20250724.2.tuxprod REDACTED
2025-10-22T15:36:26.123Z INFO  - Initiating warmup request to container backend-gruppii_0_b5b2922f for site backend-gruppii
2025-10-22T15:36:43.587Z INFO  - Waiting for response to warmup request for container backend-gruppii_0_b5b2922f. Elapsed time = 17.4478088 sec
2025-10-22T15:36:56.981Z ERROR - Container backend-gruppii_0_b5b2922f for site backend-gruppii has exited, failing site start
2025-10-22T15:36:57.070Z ERROR - Container backend-gruppii_0_b5b2922f didn't respond to HTTP pings on port: 8080. Failing site start. See container logs for debugging.
2025-10-22T15:36:57.168Z INFO  - Stopping site backend-gruppii because it failed during startup.
