2025-10-22T14:50:19.716961155Z    _____                               
2025-10-22T14:50:19.717045056Z   /  _  \ __________ _________   ____  
2025-10-22T14:50:19.717049956Z  /  /_\  \\___   /  |  \_  __ \_/ __ \ 
2025-10-22T14:50:19.717052556Z /    |    \/    /|  |  /|  | \/\  ___/ 
2025-10-22T14:50:19.717054956Z \____|__  /_____ \____/ |__|    \___  >
2025-10-22T14:50:19.717057556Z         \/      \/                  \/ 
2025-10-22T14:50:19.717059956Z A P P   S E R V I C E   O N   L I N U X
2025-10-22T14:50:19.717089856Z 
2025-10-22T14:50:19.717094556Z Documentation: http://aka.ms/webapp-linux
2025-10-22T14:50:19.717096956Z NodeJS quickstart: https://aka.ms/node-qs
2025-10-22T14:50:19.717099156Z NodeJS Version : v22.17.0
2025-10-22T14:50:19.717101356Z Note: Any data outside '/home' is not persisted
2025-10-22T14:50:19.717103756Z 
2025-10-22T14:50:28.840550256Z Starting OpenBSD Secure Shell server: sshd.
2025-10-22T14:50:28.860980088Z WEBSITES_INCLUDE_CLOUD_CERTS is not set to true.
2025-10-22T14:50:28.910775110Z Updating certificates in /etc/ssl/certs...
2025-10-22T14:50:42.872031720Z rehash: warning: skipping ca-certificates.crt,it does not contain exactly one certificate or CRL
2025-10-22T14:50:42.901604114Z 4 added, 0 removed; done.
2025-10-22T14:50:42.902398520Z Running hooks in /etc/ca-certificates/update.d...
2025-10-22T14:50:42.911555480Z done.
2025-10-22T14:50:42.941658477Z CA certificates copied and updated successfully.
2025-10-22T14:50:43.250464605Z Starting periodic command scheduler: cron.
2025-10-22T14:50:43.346639337Z Found build manifest file at '/home/site/wwwroot/oryx-manifest.toml'. Deserializing it...
2025-10-22T14:50:43.357137606Z Could not find operation ID in manifest. Generating an operation id...
2025-10-22T14:50:43.357157206Z Build Operation ID: 659a68a7-2067-4cfc-84e1-8710cbe31e11
2025-10-22T14:50:43.658714086Z Environment Variables for Application Insight's IPA Codeless Configuration exists..
2025-10-22T14:50:43.675387996Z Writing output script to '/opt/startup/startup.sh'
2025-10-22T14:50:43.746175261Z Running #!/bin/sh
2025-10-22T14:50:43.752871105Z 
2025-10-22T14:50:43.752877905Z # Enter the source directory to make sure the script runs where the user expects
2025-10-22T14:50:43.752882005Z cd "/home/site/wwwroot"
2025-10-22T14:50:43.752885505Z 
2025-10-22T14:50:43.752888805Z export NODE_PATH=/usr/local/lib/node_modules:$NODE_PATH
2025-10-22T14:50:43.752892205Z if [ -z "$PORT" ]; then
2025-10-22T14:50:43.752896105Z 		export PORT=8080
2025-10-22T14:50:43.752899905Z fi
2025-10-22T14:50:43.752915605Z 
2025-10-22T14:50:43.752919205Z echo Found tar.gz based node_modules.
2025-10-22T14:50:43.752937405Z extractionCommand="tar -xzf node_modules.tar.gz -C /node_modules"
2025-10-22T14:50:43.752940705Z echo "Removing existing modules directory from root..."
2025-10-22T14:50:43.752943205Z rm -fr /node_modules
2025-10-22T14:50:43.752945605Z mkdir -p /node_modules
2025-10-22T14:50:43.752948105Z echo Extracting modules...
2025-10-22T14:50:43.752951005Z $extractionCommand
2025-10-22T14:50:43.752953505Z export NODE_PATH="/node_modules":$NODE_PATH
2025-10-22T14:50:43.752956005Z export PATH=/node_modules/.bin:$PATH
2025-10-22T14:50:43.752958505Z if [ -d node_modules ]; then
2025-10-22T14:50:43.752960805Z     mv -f node_modules _del_node_modules || true
2025-10-22T14:50:43.752963305Z fi
2025-10-22T14:50:43.752965605Z 
2025-10-22T14:50:43.752968005Z if [ -d /node_modules ]; then
2025-10-22T14:50:43.752970405Z     ln -sfn /node_modules ./node_modules 
2025-10-22T14:50:43.752973005Z fi
2025-10-22T14:50:43.752975305Z 
2025-10-22T14:50:43.752977605Z echo "Done."
2025-10-22T14:50:43.754386715Z node server.js
2025-10-22T14:50:43.801574524Z Found tar.gz based node_modules.
2025-10-22T14:50:43.803418637Z Removing existing modules directory from root...
2025-10-22T14:50:43.823502468Z Extracting modules...
2025-10-22T14:50:47.676840073Z Done.
2025-10-22T14:50:53.657875306Z file:///home/site/wwwroot/server.js:1
2025-10-22T14:50:53.657934906Z const express = require("express");
2025-10-22T14:50:53.657942506Z                 ^
2025-10-22T14:50:53.657945606Z 
2025-10-22T14:50:53.657949006Z ReferenceError: require is not defined in ES module scope, you can use import instead
2025-10-22T14:50:53.657952306Z This file is being treated as an ES module because it has a '.js' file extension and '/home/site/wwwroot/package.json' contains "type": "module". To treat it as a CommonJS script, rename it to use the '.cjs' file extension.
2025-10-22T14:50:53.657967506Z     at file:///home/site/wwwroot/server.js:1:17
2025-10-22T14:50:53.657970506Z     at ModuleJob.run (node:internal/modules/esm/module_job:329:25)
2025-10-22T14:50:53.657973406Z     at async onImport.tracePromise.__proto__ (node:internal/modules/esm/loader:644:26)
2025-10-22T14:50:53.657976207Z     at async asyncRunEntryPointWithESMLoader (node:internal/modules/run_main:117:5)
2025-10-22T14:50:53.667119166Z 
2025-10-22T14:50:53.667133466Z Node.js v22.17.0

2025-10-22T14:51:11.859738942Z    _____                               
2025-10-22T14:51:11.859793542Z   /  _  \ __________ _________   ____  
2025-10-22T14:51:11.859799142Z  /  /_\  \\___   /  |  \_  __ \_/ __ \ 
2025-10-22T14:51:11.859801942Z /    |    \/    /|  |  /|  | \/\  ___/ 
2025-10-22T14:51:11.859804542Z \____|__  /_____ \____/ |__|    \___  >
2025-10-22T14:51:11.859807342Z         \/      \/                  \/ 
2025-10-22T14:51:11.859809842Z A P P   S E R V I C E   O N   L I N U X
2025-10-22T14:51:11.859812242Z 
2025-10-22T14:51:11.859814542Z Documentation: http://aka.ms/webapp-linux
2025-10-22T14:51:11.859816842Z NodeJS quickstart: https://aka.ms/node-qs
2025-10-22T14:51:11.859819342Z NodeJS Version : v22.17.0
2025-10-22T14:51:11.859821642Z Note: Any data outside '/home' is not persisted
2025-10-22T14:51:11.859824142Z 
2025-10-22T14:51:17.184918510Z Starting OpenBSD Secure Shell server: sshd.
2025-10-22T14:51:17.215112617Z WEBSITES_INCLUDE_CLOUD_CERTS is not set to true.
2025-10-22T14:51:17.262795945Z Updating certificates in /etc/ssl/certs...
2025-10-22T14:51:29.104067439Z rehash: warning: skipping ca-certificates.crt,it does not contain exactly one certificate or CRL
2025-10-22T14:51:29.170336526Z 4 added, 0 removed; done.
2025-10-22T14:51:29.171906490Z Running hooks in /etc/ca-certificates/update.d...
2025-10-22T14:51:29.181397475Z done.
2025-10-22T14:51:29.217329832Z CA certificates copied and updated successfully.
2025-10-22T14:51:29.461180921Z Starting periodic command scheduler: cron.
2025-10-22T14:51:29.655953320Z Found build manifest file at '/home/site/wwwroot/oryx-manifest.toml'. Deserializing it...
2025-10-22T14:51:29.666276539Z Could not find operation ID in manifest. Generating an operation id...
2025-10-22T14:51:29.666320541Z Build Operation ID: b4a86269-491f-4457-a09f-33273194b0e2
2025-10-22T14:51:30.018758006Z Environment Variables for Application Insight's IPA Codeless Configuration exists..
2025-10-22T14:51:30.029143581Z Writing output script to '/opt/startup/startup.sh'
2025-10-22T14:51:30.063674030Z Running #!/bin/sh
2025-10-22T14:51:30.063756631Z 
2025-10-22T14:51:30.063768331Z # Enter the source directory to make sure the script runs where the user expects
2025-10-22T14:51:30.063773431Z cd "/home/site/wwwroot"
2025-10-22T14:51:30.063778131Z 
2025-10-22T14:51:30.063782631Z export NODE_PATH=/usr/local/lib/node_modules:$NODE_PATH
2025-10-22T14:51:30.063787331Z if [ -z "$PORT" ]; then
2025-10-22T14:51:30.063792031Z 		export PORT=8080
2025-10-22T14:51:30.063796831Z fi
2025-10-22T14:51:30.063801231Z 
2025-10-22T14:51:30.063805631Z echo Found tar.gz based node_modules.
2025-10-22T14:51:30.079603745Z extractionCommand="tar -xzf node_modules.tar.gz -C /node_modules"
2025-10-22T14:51:30.079630545Z echo "Removing existing modules directory from root..."
2025-10-22T14:51:30.079635045Z rm -fr /node_modules
2025-10-22T14:51:30.079637745Z mkdir -p /node_modules
2025-10-22T14:51:30.079640345Z echo Extracting modules...
2025-10-22T14:51:30.079643045Z $extractionCommand
2025-10-22T14:51:30.079646145Z export NODE_PATH="/node_modules":$NODE_PATH
2025-10-22T14:51:30.079648945Z export PATH=/node_modules/.bin:$PATH
2025-10-22T14:51:30.079651645Z if [ -d node_modules ]; then
2025-10-22T14:51:30.079654145Z     mv -f node_modules _del_node_modules || true
2025-10-22T14:51:30.079656846Z fi
2025-10-22T14:51:30.079659246Z 
2025-10-22T14:51:30.079661746Z if [ -d /node_modules ]; then
2025-10-22T14:51:30.079664346Z     ln -sfn /node_modules ./node_modules 
2025-10-22T14:51:30.079667246Z fi
2025-10-22T14:51:30.079669746Z 
2025-10-22T14:51:30.079672146Z echo "Done."
2025-10-22T14:51:30.114967000Z node server.js
2025-10-22T14:51:30.114993200Z Found tar.gz based node_modules.
2025-10-22T14:51:30.114996900Z Removing existing modules directory from root...
2025-10-22T14:51:30.114999700Z Extracting modules...
2025-10-22T14:51:33.881981163Z Done.
2025-10-22T14:51:38.870013312Z file:///home/site/wwwroot/server.js:1
2025-10-22T14:51:38.870056412Z const express = require("express");
2025-10-22T14:51:38.870061512Z                 ^
2025-10-22T14:51:38.870064912Z 
2025-10-22T14:51:38.870068012Z ReferenceError: require is not defined in ES module scope, you can use import instead
2025-10-22T14:51:38.870071612Z This file is being treated as an ES module because it has a '.js' file extension and '/home/site/wwwroot/package.json' contains "type": "module". To treat it as a CommonJS script, rename it to use the '.cjs' file extension.
2025-10-22T14:51:38.870076112Z     at file:///home/site/wwwroot/server.js:1:17
2025-10-22T14:51:38.870079312Z     at ModuleJob.run (node:internal/modules/esm/module_job:329:25)
2025-10-22T14:51:38.870082412Z     at async onImport.tracePromise.__proto__ (node:internal/modules/esm/loader:644:26)
2025-10-22T14:51:38.870085612Z     at async asyncRunEntryPointWithESMLoader (node:internal/modules/run_main:117:5)
2025-10-22T14:51:38.879146986Z 
2025-10-22T14:51:38.879169186Z Node.js v22.17.0

2025-10-22T14:51:47.149477259Z    _____                               
2025-10-22T14:51:47.149533959Z   /  _  \ __________ _________   ____  
2025-10-22T14:51:47.149538559Z  /  /_\  \\___   /  |  \_  __ \_/ __ \ 
2025-10-22T14:51:47.149541059Z /    |    \/    /|  |  /|  | \/\  ___/ 
2025-10-22T14:51:47.149543459Z \____|__  /_____ \____/ |__|    \___  >
2025-10-22T14:51:47.149545959Z         \/      \/                  \/ 
2025-10-22T14:51:47.149548759Z A P P   S E R V I C E   O N   L I N U X
2025-10-22T14:51:47.149550859Z 
2025-10-22T14:51:47.149552959Z Documentation: http://aka.ms/webapp-linux
2025-10-22T14:51:47.149555059Z NodeJS quickstart: https://aka.ms/node-qs
2025-10-22T14:51:47.149557259Z NodeJS Version : v22.17.0
2025-10-22T14:51:47.149559359Z Note: Any data outside '/home' is not persisted
2025-10-22T14:51:47.149561659Z 
2025-10-22T14:51:52.929088760Z Starting OpenBSD Secure Shell server: sshd.
2025-10-22T14:51:52.948454904Z WEBSITES_INCLUDE_CLOUD_CERTS is not set to true.
2025-10-22T14:51:53.107662469Z Updating certificates in /etc/ssl/certs...
2025-10-22T14:52:06.823408733Z rehash: warning: skipping ca-certificates.crt,it does not contain exactly one certificate or CRL
2025-10-22T14:52:06.902998094Z 4 added, 0 removed; done.
2025-10-22T14:52:06.903027894Z Running hooks in /etc/ca-certificates/update.d...
2025-10-22T14:52:06.939504306Z done.
2025-10-22T14:52:06.987473484Z CA certificates copied and updated successfully.
2025-10-22T14:52:07.329409966Z Starting periodic command scheduler: cron.
2025-10-22T14:52:07.377763846Z Found build manifest file at '/home/site/wwwroot/oryx-manifest.toml'. Deserializing it...
2025-10-22T14:52:07.451633374Z Could not find operation ID in manifest. Generating an operation id...
2025-10-22T14:52:07.451664775Z Build Operation ID: 03043de9-46e2-4911-a1e8-dbc90e3ab7f9
2025-10-22T14:52:08.028322318Z Environment Variables for Application Insight's IPA Codeless Configuration exists..
2025-10-22T14:52:08.084092841Z Writing output script to '/opt/startup/startup.sh'
2025-10-22T14:52:08.294687462Z Running #!/bin/sh
2025-10-22T14:52:08.294718462Z 
2025-10-22T14:52:08.294723362Z # Enter the source directory to make sure the script runs where the user expects
2025-10-22T14:52:08.294727062Z cd "/home/site/wwwroot"
2025-10-22T14:52:08.294730462Z 
2025-10-22T14:52:08.294733662Z export NODE_PATH=/usr/local/lib/node_modules:$NODE_PATH
2025-10-22T14:52:08.306498830Z if [ -z "$PORT" ]; then
2025-10-22T14:52:08.306513830Z 		export PORT=8080
2025-10-22T14:52:08.306518030Z fi
2025-10-22T14:52:08.306521230Z 
2025-10-22T14:52:08.306524230Z echo Found tar.gz based node_modules.
2025-10-22T14:52:08.306543130Z extractionCommand="tar -xzf node_modules.tar.gz -C /node_modules"
2025-10-22T14:52:08.306546330Z echo "Removing existing modules directory from root..."
2025-10-22T14:52:08.306548730Z rm -fr /node_modules
2025-10-22T14:52:08.306551130Z mkdir -p /node_modules
2025-10-22T14:52:08.306554330Z echo Extracting modules...
2025-10-22T14:52:08.306556730Z $extractionCommand
2025-10-22T14:52:08.306558830Z export NODE_PATH="/node_modules":$NODE_PATH
2025-10-22T14:52:08.306561331Z export PATH=/node_modules/.bin:$PATH
2025-10-22T14:52:08.306563631Z if [ -d node_modules ]; then
2025-10-22T14:52:08.306565931Z     mv -f node_modules _del_node_modules || true
2025-10-22T14:52:08.306568131Z fi
2025-10-22T14:52:08.306570331Z 
2025-10-22T14:52:08.306572531Z if [ -d /node_modules ]; then
2025-10-22T14:52:08.306574931Z     ln -sfn /node_modules ./node_modules 
2025-10-22T14:52:08.306577231Z fi
2025-10-22T14:52:08.306579431Z 
2025-10-22T14:52:08.306581531Z echo "Done."
2025-10-22T14:52:08.306585731Z node server.js
2025-10-22T14:52:08.381982368Z Found tar.gz based node_modules.
2025-10-22T14:52:08.401019978Z Removing existing modules directory from root...
2025-10-22T14:52:08.528824119Z Extracting modules...
2025-10-22T14:52:13.569675811Z Done.
2025-10-22T14:52:24.252607307Z file:///home/site/wwwroot/server.js:1
2025-10-22T14:52:24.252636607Z const express = require("express");
2025-10-22T14:52:24.252641407Z                 ^
2025-10-22T14:52:24.252644507Z 
2025-10-22T14:52:24.252647707Z ReferenceError: require is not defined in ES module scope, you can use import instead
2025-10-22T14:52:24.252651107Z This file is being treated as an ES module because it has a '.js' file extension and '/home/site/wwwroot/package.json' contains "type": "module". To treat it as a CommonJS script, rename it to use the '.cjs' file extension.
2025-10-22T14:52:24.252655107Z     at file:///home/site/wwwroot/server.js:1:17
2025-10-22T14:52:24.252658407Z     at ModuleJob.run (node:internal/modules/esm/module_job:329:25)
2025-10-22T14:52:24.252661707Z     at async onImport.tracePromise.__proto__ (node:internal/modules/esm/loader:644:26)
2025-10-22T14:52:24.252664707Z     at async asyncRunEntryPointWithESMLoader (node:internal/modules/run_main:117:5)
2025-10-22T14:52:24.253394212Z 
2025-10-22T14:52:24.253407112Z Node.js v22.17.0

2025-10-22T14:52:40.718303466Z    _____                               
2025-10-22T14:52:40.718363466Z   /  _  \ __________ _________   ____  
2025-10-22T14:52:40.718368666Z  /  /_\  \\___   /  |  \_  __ \_/ __ \ 
2025-10-22T14:52:40.718371366Z /    |    \/    /|  |  /|  | \/\  ___/ 
2025-10-22T14:52:40.718374266Z \____|__  /_____ \____/ |__|    \___  >
2025-10-22T14:52:40.718376966Z         \/      \/                  \/ 
2025-10-22T14:52:40.718379566Z A P P   S E R V I C E   O N   L I N U X
2025-10-22T14:52:40.718381966Z 
2025-10-22T14:52:40.718384266Z Documentation: http://aka.ms/webapp-linux
2025-10-22T14:52:40.718386566Z NodeJS quickstart: https://aka.ms/node-qs
2025-10-22T14:52:40.718389066Z NodeJS Version : v22.17.0
2025-10-22T14:52:40.718391366Z Note: Any data outside '/home' is not persisted
2025-10-22T14:52:40.718393966Z 
2025-10-22T14:52:49.562731095Z Starting OpenBSD Secure Shell server: sshd.
2025-10-22T14:52:49.582216756Z WEBSITES_INCLUDE_CLOUD_CERTS is not set to true.
2025-10-22T14:52:49.651005024Z Updating certificates in /etc/ssl/certs...
2025-10-22T14:53:02.402230370Z rehash: warning: skipping ca-certificates.crt,it does not contain exactly one certificate or CRL
2025-10-22T14:53:02.450016596Z 4 added, 0 removed; done.
2025-10-22T14:53:02.457767449Z Running hooks in /etc/ca-certificates/update.d...
2025-10-22T14:53:02.467650116Z done.
2025-10-22T14:53:02.487158449Z CA certificates copied and updated successfully.
2025-10-22T14:53:02.708244354Z Starting periodic command scheduler: cron.
2025-10-22T14:53:02.746205613Z Found build manifest file at '/home/site/wwwroot/oryx-manifest.toml'. Deserializing it...
2025-10-22T14:53:02.762363623Z Could not find operation ID in manifest. Generating an operation id...
2025-10-22T14:53:02.772764293Z Build Operation ID: 110ef97e-c12a-4f20-bdd2-31a9afd48d97
2025-10-22T14:53:03.099428018Z Environment Variables for Application Insight's IPA Codeless Configuration exists..
2025-10-22T14:53:03.129285821Z Writing output script to '/opt/startup/startup.sh'
2025-10-22T14:53:03.187563018Z Running #!/bin/sh
2025-10-22T14:53:03.187589318Z 
2025-10-22T14:53:03.196192977Z # Enter the source directory to make sure the script runs where the user expects
2025-10-22T14:53:03.196230877Z cd "/home/site/wwwroot"
2025-10-22T14:53:03.196237877Z 
2025-10-22T14:53:03.196241877Z export NODE_PATH=/usr/local/lib/node_modules:$NODE_PATH
2025-10-22T14:53:03.196245677Z if [ -z "$PORT" ]; then
2025-10-22T14:53:03.196249177Z 		export PORT=8080
2025-10-22T14:53:03.196253277Z fi
2025-10-22T14:53:03.196256577Z 
2025-10-22T14:53:03.196259877Z echo Found tar.gz based node_modules.
2025-10-22T14:53:03.196281077Z extractionCommand="tar -xzf node_modules.tar.gz -C /node_modules"
2025-10-22T14:53:03.196284677Z echo "Removing existing modules directory from root..."
2025-10-22T14:53:03.196287277Z rm -fr /node_modules
2025-10-22T14:53:03.196289777Z mkdir -p /node_modules
2025-10-22T14:53:03.196292277Z echo Extracting modules...
2025-10-22T14:53:03.196294777Z $extractionCommand
2025-10-22T14:53:03.205466040Z export NODE_PATH="/node_modules":$NODE_PATH
2025-10-22T14:53:03.205482240Z export PATH=/node_modules/.bin:$PATH
2025-10-22T14:53:03.205485940Z if [ -d node_modules ]; then
2025-10-22T14:53:03.205488640Z     mv -f node_modules _del_node_modules || true
2025-10-22T14:53:03.205491240Z fi
2025-10-22T14:53:03.205493840Z 
2025-10-22T14:53:03.205496340Z if [ -d /node_modules ]; then
2025-10-22T14:53:03.205498940Z     ln -sfn /node_modules ./node_modules 
2025-10-22T14:53:03.205501540Z fi
2025-10-22T14:53:03.205504040Z 
2025-10-22T14:53:03.205506540Z echo "Done."
2025-10-22T14:53:03.224496069Z node server.js
2025-10-22T14:53:03.224519769Z Found tar.gz based node_modules.
2025-10-22T14:53:03.224523469Z Removing existing modules directory from root...
2025-10-22T14:53:03.293377638Z Extracting modules...
2025-10-22T14:53:07.123523430Z Done.
2025-10-22T14:53:14.877301352Z file:///home/site/wwwroot/server.js:1
2025-10-22T14:53:14.877334052Z const express = require("express");
2025-10-22T14:53:14.877339952Z                 ^
2025-10-22T14:53:14.877353752Z 
2025-10-22T14:53:14.877358352Z ReferenceError: require is not defined in ES module scope, you can use import instead
2025-10-22T14:53:14.877362152Z This file is being treated as an ES module because it has a '.js' file extension and '/home/site/wwwroot/package.json' contains "type": "module". To treat it as a CommonJS script, rename it to use the '.cjs' file extension.
2025-10-22T14:53:14.877368452Z     at file:///home/site/wwwroot/server.js:1:17
2025-10-22T14:53:14.877371952Z     at ModuleJob.run (node:internal/modules/esm/module_job:329:25)
2025-10-22T14:53:14.877375752Z     at async onImport.tracePromise.__proto__ (node:internal/modules/esm/loader:644:26)
2025-10-22T14:53:14.877379352Z     at async asyncRunEntryPointWithESMLoader (node:internal/modules/run_main:117:5)
2025-10-22T14:53:14.887671020Z 
2025-10-22T14:53:14.887733520Z Node.js v22.17.0

2025-10-22T14:58:00.404608459Z    _____                               
2025-10-22T14:58:00.404663359Z   /  _  \ __________ _________   ____  
2025-10-22T14:58:00.404668259Z  /  /_\  \\___   /  |  \_  __ \_/ __ \ 
2025-10-22T14:58:00.404671259Z /    |    \/    /|  |  /|  | \/\  ___/ 
2025-10-22T14:58:00.404673960Z \____|__  /_____ \____/ |__|    \___  >
2025-10-22T14:58:00.404676960Z         \/      \/                  \/ 
2025-10-22T14:58:00.404679260Z A P P   S E R V I C E   O N   L I N U X
2025-10-22T14:58:00.404681460Z 
2025-10-22T14:58:00.404683560Z Documentation: http://aka.ms/webapp-linux
2025-10-22T14:58:00.404685660Z NodeJS quickstart: https://aka.ms/node-qs
2025-10-22T14:58:00.404687860Z NodeJS Version : v22.17.0
2025-10-22T14:58:00.404689960Z Note: Any data outside '/home' is not persisted
2025-10-22T14:58:00.404692560Z 
2025-10-22T14:58:09.110170956Z Starting OpenBSD Secure Shell server: sshd.
2025-10-22T14:58:09.129812777Z WEBSITES_INCLUDE_CLOUD_CERTS is not set to true.
2025-10-22T14:58:09.161523172Z Updating certificates in /etc/ssl/certs...
2025-10-22T14:58:23.329364022Z rehash: warning: skipping ca-certificates.crt,it does not contain exactly one certificate or CRL
2025-10-22T14:58:23.565027467Z 4 added, 0 removed; done.
2025-10-22T14:58:23.565054867Z Running hooks in /etc/ca-certificates/update.d...
2025-10-22T14:58:23.565059567Z done.
2025-10-22T14:58:23.612837980Z CA certificates copied and updated successfully.
2025-10-22T14:58:23.972862639Z Starting periodic command scheduler: cron.
2025-10-22T14:58:24.252608872Z Found build manifest file at '/home/site/wwwroot/oryx-manifest.toml'. Deserializing it...
2025-10-22T14:58:24.290971524Z Could not find operation ID in manifest. Generating an operation id...
2025-10-22T14:58:24.298276172Z Build Operation ID: 6666bb81-2a21-4e4d-bebd-b3d6a58849e7
2025-10-22T14:58:24.755033065Z Environment Variables for Application Insight's IPA Codeless Configuration exists..
2025-10-22T14:58:24.821272299Z Writing output script to '/opt/startup/startup.sh'
2025-10-22T14:58:24.948769334Z Running #!/bin/sh
2025-10-22T14:58:24.948797134Z 
2025-10-22T14:58:24.948801834Z # Enter the source directory to make sure the script runs where the user expects
2025-10-22T14:58:24.948812634Z cd "/home/site/wwwroot"
2025-10-22T14:58:24.948816334Z 
2025-10-22T14:58:24.948819634Z export NODE_PATH=/usr/local/lib/node_modules:$NODE_PATH
2025-10-22T14:58:24.948823434Z if [ -z "$PORT" ]; then
2025-10-22T14:58:24.948827135Z 		export PORT=8080
2025-10-22T14:58:24.948830835Z fi
2025-10-22T14:58:24.948834535Z 
2025-10-22T14:58:24.948837835Z echo Found tar.gz based node_modules.
2025-10-22T14:58:24.948857735Z extractionCommand="tar -xzf node_modules.tar.gz -C /node_modules"
2025-10-22T14:58:24.948861135Z echo "Removing existing modules directory from root..."
2025-10-22T14:58:24.948863735Z rm -fr /node_modules
2025-10-22T14:58:24.948866235Z mkdir -p /node_modules
2025-10-22T14:58:24.948868835Z echo Extracting modules...
2025-10-22T14:58:24.948871235Z $extractionCommand
2025-10-22T14:58:24.948873735Z export NODE_PATH="/node_modules":$NODE_PATH
2025-10-22T14:58:24.948876435Z export PATH=/node_modules/.bin:$PATH
2025-10-22T14:58:24.948879435Z if [ -d node_modules ]; then
2025-10-22T14:58:24.948881835Z     mv -f node_modules _del_node_modules || true
2025-10-22T14:58:24.948884435Z fi
2025-10-22T14:58:24.948886835Z 
2025-10-22T14:58:24.948889235Z if [ -d /node_modules ]; then
2025-10-22T14:58:24.948891735Z     ln -sfn /node_modules ./node_modules 
2025-10-22T14:58:24.948894235Z fi
2025-10-22T14:58:24.948896635Z 
2025-10-22T14:58:24.948899035Z echo "Done."
2025-10-22T14:58:24.948901835Z node server.js
2025-10-22T14:58:24.978239727Z Found tar.gz based node_modules.
2025-10-22T14:58:24.978262827Z Removing existing modules directory from root...
2025-10-22T14:58:25.023277722Z Extracting modules...
2025-10-22T14:58:29.480932193Z Done.
2025-10-22T14:58:35.191002528Z file:///home/site/wwwroot/server.js:1
2025-10-22T14:58:35.191035329Z const express = require("express");
2025-10-22T14:58:35.191041029Z                 ^
2025-10-22T14:58:35.191044629Z 
2025-10-22T14:58:35.191048029Z ReferenceError: require is not defined in ES module scope, you can use import instead
2025-10-22T14:58:35.191051729Z This file is being treated as an ES module because it has a '.js' file extension and '/home/site/wwwroot/package.json' contains "type": "module". To treat it as a CommonJS script, rename it to use the '.cjs' file extension.
2025-10-22T14:58:35.191057629Z     at file:///home/site/wwwroot/server.js:1:17
2025-10-22T14:58:35.191061329Z     at ModuleJob.run (node:internal/modules/esm/module_job:329:25)
2025-10-22T14:58:35.191064729Z     at async onImport.tracePromise.__proto__ (node:internal/modules/esm/loader:644:26)
2025-10-22T14:58:35.191068229Z     at async asyncRunEntryPointWithESMLoader (node:internal/modules/run_main:117:5)
2025-10-22T14:58:35.219775119Z 
2025-10-22T14:58:35.219808919Z Node.js v22.17.0

2025-10-22T15:02:23.785540878Z    _____                               
2025-10-22T15:02:23.785588379Z   /  _  \ __________ _________   ____  
2025-10-22T15:02:23.785593279Z  /  /_\  \\___   /  |  \_  __ \_/ __ \ 
2025-10-22T15:02:23.785596479Z /    |    \/    /|  |  /|  | \/\  ___/ 
2025-10-22T15:02:23.785599279Z \____|__  /_____ \____/ |__|    \___  >
2025-10-22T15:02:23.785602379Z         \/      \/                  \/ 
2025-10-22T15:02:23.785605179Z A P P   S E R V I C E   O N   L I N U X
2025-10-22T15:02:23.785607879Z 
2025-10-22T15:02:23.785610279Z Documentation: http://aka.ms/webapp-linux
2025-10-22T15:02:23.785612979Z NodeJS quickstart: https://aka.ms/node-qs
2025-10-22T15:02:23.785615579Z NodeJS Version : v22.17.0
2025-10-22T15:02:23.785618179Z Note: Any data outside '/home' is not persisted
2025-10-22T15:02:23.785620879Z 
2025-10-22T15:02:27.916424818Z Starting OpenBSD Secure Shell server: sshd.
2025-10-22T15:02:27.916448718Z WEBSITES_INCLUDE_CLOUD_CERTS is not set to true.
2025-10-22T15:02:28.085858524Z Updating certificates in /etc/ssl/certs...
2025-10-22T15:02:53.956261508Z rehash: warning: skipping ca-certificates.crt,it does not contain exactly one certificate or CRL
2025-10-22T15:02:54.024131953Z 4 added, 0 removed; done.
2025-10-22T15:02:54.024179753Z Running hooks in /etc/ca-certificates/update.d...
2025-10-22T15:02:54.024185353Z done.
2025-10-22T15:02:54.033169012Z CA certificates copied and updated successfully.
2025-10-22T15:02:54.460392612Z Starting periodic command scheduler: cron.
2025-10-22T15:02:54.961659897Z Found build manifest file at '/home/site/wwwroot/oryx-manifest.toml'. Deserializing it...
2025-10-22T15:02:54.961698198Z Could not find operation ID in manifest. Generating an operation id...
2025-10-22T15:02:54.961702098Z Build Operation ID: 5d01a056-456c-4bd6-b0a2-3e1176c3d252
2025-10-22T15:02:56.167340999Z Environment Variables for Application Insight's IPA Codeless Configuration exists..
2025-10-22T15:02:56.167380700Z Writing output script to '/opt/startup/startup.sh'
2025-10-22T15:02:56.167387100Z Running #!/bin/sh
2025-10-22T15:02:56.167391700Z 
2025-10-22T15:02:56.167396000Z # Enter the source directory to make sure the script runs where the user expects
2025-10-22T15:02:56.167400600Z cd "/home/site/wwwroot"
2025-10-22T15:02:56.167405000Z 
2025-10-22T15:02:56.167409200Z export NODE_PATH=/usr/local/lib/node_modules:$NODE_PATH
2025-10-22T15:02:56.167413600Z if [ -z "$PORT" ]; then
2025-10-22T15:02:56.167417900Z 		export PORT=8080
2025-10-22T15:02:56.167422500Z fi
2025-10-22T15:02:56.167445600Z 
2025-10-22T15:02:56.167450500Z echo Found tar.gz based node_modules.
2025-10-22T15:02:56.167474100Z extractionCommand="tar -xzf node_modules.tar.gz -C /node_modules"
2025-10-22T15:02:56.167478400Z echo "Removing existing modules directory from root..."
2025-10-22T15:02:56.167481800Z rm -fr /node_modules
2025-10-22T15:02:56.167484900Z mkdir -p /node_modules
2025-10-22T15:02:56.167487600Z echo Extracting modules...
2025-10-22T15:02:56.167490500Z $extractionCommand
2025-10-22T15:02:56.167493200Z export NODE_PATH="/node_modules":$NODE_PATH
2025-10-22T15:02:56.167496100Z export PATH=/node_modules/.bin:$PATH
2025-10-22T15:02:56.167498900Z if [ -d node_modules ]; then
2025-10-22T15:02:56.167501600Z     mv -f node_modules _del_node_modules || true
2025-10-22T15:02:56.167504300Z fi
2025-10-22T15:02:56.167507000Z 
2025-10-22T15:02:56.167518501Z if [ -d /node_modules ]; then
2025-10-22T15:02:56.167522101Z     ln -sfn /node_modules ./node_modules 
2025-10-22T15:02:56.167525001Z fi
2025-10-22T15:02:56.167527801Z 
2025-10-22T15:02:56.167530601Z echo "Done."
2025-10-22T15:02:56.167533401Z node server.js
2025-10-22T15:02:56.167536201Z Found tar.gz based node_modules.
2025-10-22T15:02:56.167539001Z Removing existing modules directory from root...
2025-10-22T15:02:56.167541901Z Extracting modules...
2025-10-22T15:03:01.655178052Z Done.
2025-10-22T15:03:08.475016538Z file:///home/site/wwwroot/server.js:1
2025-10-22T15:03:08.475042838Z const express = require("express");
2025-10-22T15:03:08.475048238Z                 ^
2025-10-22T15:03:08.475051938Z 
2025-10-22T15:03:08.475055438Z ReferenceError: require is not defined in ES module scope, you can use import instead
2025-10-22T15:03:08.475059338Z This file is being treated as an ES module because it has a '.js' file extension and '/home/site/wwwroot/package.json' contains "type": "module". To treat it as a CommonJS script, rename it to use the '.cjs' file extension.
2025-10-22T15:03:08.475064838Z     at file:///home/site/wwwroot/server.js:1:17
2025-10-22T15:03:08.475068438Z     at ModuleJob.run (node:internal/modules/esm/module_job:329:25)
2025-10-22T15:03:08.475071938Z     at async onImport.tracePromise.__proto__ (node:internal/modules/esm/loader:644:26)
2025-10-22T15:03:08.475075439Z     at async asyncRunEntryPointWithESMLoader (node:internal/modules/run_main:117:5)
2025-10-22T15:03:08.482847082Z 
2025-10-22T15:03:08.482863682Z Node.js v22.17.0

2025-10-22T15:10:58.723924689Z    _____                               
2025-10-22T15:10:58.723986889Z   /  _  \ __________ _________   ____  
2025-10-22T15:10:58.723991989Z  /  /_\  \\___   /  |  \_  __ \_/ __ \ 
2025-10-22T15:10:58.723995089Z /    |    \/    /|  |  /|  | \/\  ___/ 
2025-10-22T15:10:58.724014289Z \____|__  /_____ \____/ |__|    \___  >
2025-10-22T15:10:58.724017589Z         \/      \/                  \/ 
2025-10-22T15:10:58.724020989Z A P P   S E R V I C E   O N   L I N U X
2025-10-22T15:10:58.724023690Z 
2025-10-22T15:10:58.724026090Z Documentation: http://aka.ms/webapp-linux
2025-10-22T15:10:58.724028590Z NodeJS quickstart: https://aka.ms/node-qs
2025-10-22T15:10:58.724031090Z NodeJS Version : v22.17.0
2025-10-22T15:10:58.724033890Z Note: Any data outside '/home' is not persisted
2025-10-22T15:10:58.724036490Z 
2025-10-22T15:11:02.987699442Z Starting OpenBSD Secure Shell server: sshd.
2025-10-22T15:11:02.999342316Z WEBSITES_INCLUDE_CLOUD_CERTS is not set to true.
2025-10-22T15:11:03.084986155Z Updating certificates in /etc/ssl/certs...
2025-10-22T15:11:19.794889264Z rehash: warning: skipping ca-certificates.crt,it does not contain exactly one certificate or CRL
2025-10-22T15:11:19.892783279Z 4 added, 0 removed; done.
2025-10-22T15:11:19.922038563Z Running hooks in /etc/ca-certificates/update.d...
2025-10-22T15:11:19.922063663Z done.
2025-10-22T15:11:19.970538968Z CA certificates copied and updated successfully.
2025-10-22T15:11:20.522674339Z Starting periodic command scheduler: cron.
2025-10-22T15:11:20.726916623Z Found build manifest file at '/home/site/wwwroot/oryx-manifest.toml'. Deserializing it...
2025-10-22T15:11:20.728912536Z Could not find operation ID in manifest. Generating an operation id...
2025-10-22T15:11:20.728928236Z Build Operation ID: 754a379a-c0fc-483b-bd65-0893313755f1
2025-10-22T15:11:21.139662018Z Environment Variables for Application Insight's IPA Codeless Configuration exists..
2025-10-22T15:11:21.147295166Z Writing output script to '/opt/startup/startup.sh'
2025-10-22T15:11:21.185092803Z Running #!/bin/sh
2025-10-22T15:11:21.185118503Z 
2025-10-22T15:11:21.185122903Z # Enter the source directory to make sure the script runs where the user expects
2025-10-22T15:11:21.185126604Z cd "/home/site/wwwroot"
2025-10-22T15:11:21.185130204Z 
2025-10-22T15:11:21.185133304Z export NODE_PATH=/usr/local/lib/node_modules:$NODE_PATH
2025-10-22T15:11:21.185137304Z if [ -z "$PORT" ]; then
2025-10-22T15:11:21.185140704Z 		export PORT=8080
2025-10-22T15:11:21.185144304Z fi
2025-10-22T15:11:21.185147504Z 
2025-10-22T15:11:21.185150504Z echo Found tar.gz based node_modules.
2025-10-22T15:11:21.185169104Z extractionCommand="tar -xzf node_modules.tar.gz -C /node_modules"
2025-10-22T15:11:21.185172404Z echo "Removing existing modules directory from root..."
2025-10-22T15:11:21.185174904Z rm -fr /node_modules
2025-10-22T15:11:21.185177204Z mkdir -p /node_modules
2025-10-22T15:11:21.185179604Z echo Extracting modules...
2025-10-22T15:11:21.185181904Z $extractionCommand
2025-10-22T15:11:21.185184204Z export NODE_PATH="/node_modules":$NODE_PATH
2025-10-22T15:11:21.185186704Z export PATH=/node_modules/.bin:$PATH
2025-10-22T15:11:21.185189104Z if [ -d node_modules ]; then
2025-10-22T15:11:21.185191404Z     mv -f node_modules _del_node_modules || true
2025-10-22T15:11:21.185193804Z fi
2025-10-22T15:11:21.185196104Z 
2025-10-22T15:11:21.185198304Z if [ -d /node_modules ]; then
2025-10-22T15:11:21.185200604Z     ln -sfn /node_modules ./node_modules 
2025-10-22T15:11:21.185203104Z fi
2025-10-22T15:11:21.185205304Z 
2025-10-22T15:11:21.185207604Z echo "Done."
2025-10-22T15:11:21.185209904Z node server.js
2025-10-22T15:11:21.187674420Z Found tar.gz based node_modules.
2025-10-22T15:11:21.188389724Z Removing existing modules directory from root...
2025-10-22T15:11:21.213686783Z Extracting modules...
2025-10-22T15:11:24.575292744Z Done.
2025-10-22T15:11:30.642304188Z file:///home/site/wwwroot/server.js:1
2025-10-22T15:11:30.642366188Z const express = require("express");
2025-10-22T15:11:30.642371188Z                 ^
2025-10-22T15:11:30.642374388Z 
2025-10-22T15:11:30.642377488Z ReferenceError: require is not defined in ES module scope, you can use import instead
2025-10-22T15:11:30.642381388Z This file is being treated as an ES module because it has a '.js' file extension and '/home/site/wwwroot/package.json' contains "type": "module". To treat it as a CommonJS script, rename it to use the '.cjs' file extension.
2025-10-22T15:11:30.642386688Z     at file:///home/site/wwwroot/server.js:1:17
2025-10-22T15:11:30.642389788Z     at ModuleJob.run (node:internal/modules/esm/module_job:329:25)
2025-10-22T15:11:30.644398601Z     at async onImport.tracePromise.__proto__ (node:internal/modules/esm/loader:644:26)
2025-10-22T15:11:30.644413501Z     at async asyncRunEntryPointWithESMLoader (node:internal/modules/run_main:117:5)
2025-10-22T15:11:30.644417701Z 
2025-10-22T15:11:30.644421001Z Node.js v22.17.0

2025-10-22T15:14:12.652711511Z    _____                               
2025-10-22T15:14:12.652763711Z   /  _  \ __________ _________   ____  
2025-10-22T15:14:12.652768011Z  /  /_\  \\___   /  |  \_  __ \_/ __ \ 
2025-10-22T15:14:12.652771011Z /    |    \/    /|  |  /|  | \/\  ___/ 
2025-10-22T15:14:12.652773311Z \____|__  /_____ \____/ |__|    \___  >
2025-10-22T15:14:12.652775911Z         \/      \/                  \/ 
2025-10-22T15:14:12.652778111Z A P P   S E R V I C E   O N   L I N U X
2025-10-22T15:14:12.652780411Z 
2025-10-22T15:14:12.652782411Z Documentation: http://aka.ms/webapp-linux
2025-10-22T15:14:12.652784511Z NodeJS quickstart: https://aka.ms/node-qs
2025-10-22T15:14:12.652786511Z NodeJS Version : v22.17.0
2025-10-22T15:14:12.652788711Z Note: Any data outside '/home' is not persisted
2025-10-22T15:14:12.652790911Z 
2025-10-22T15:14:17.417878142Z Starting OpenBSD Secure Shell server: sshd.
2025-10-22T15:14:17.437238573Z WEBSITES_INCLUDE_CLOUD_CERTS is not set to true.
2025-10-22T15:14:17.495686370Z Updating certificates in /etc/ssl/certs...
2025-10-22T15:14:32.153461541Z rehash: warning: skipping ca-certificates.crt,it does not contain exactly one certificate or CRL
2025-10-22T15:14:32.262495711Z 4 added, 0 removed; done.
2025-10-22T15:14:32.262526511Z Running hooks in /etc/ca-certificates/update.d...
2025-10-22T15:14:32.282706853Z done.
2025-10-22T15:14:32.320964823Z CA certificates copied and updated successfully.
2025-10-22T15:14:32.701135106Z Starting periodic command scheduler: cron.
2025-10-22T15:14:33.008098572Z Found build manifest file at '/home/site/wwwroot/oryx-manifest.toml'. Deserializing it...
2025-10-22T15:14:33.021593968Z Could not find operation ID in manifest. Generating an operation id...
2025-10-22T15:14:33.027857012Z Build Operation ID: 08a4f79c-2678-41ce-bb64-6965f203083d
2025-10-22T15:14:33.738282525Z Environment Variables for Application Insight's IPA Codeless Configuration exists..
2025-10-22T15:14:33.794954125Z Writing output script to '/opt/startup/startup.sh'
2025-10-22T15:14:33.896929644Z Running #!/bin/sh
2025-10-22T15:14:33.896958545Z 
2025-10-22T15:14:33.896962345Z # Enter the source directory to make sure the script runs where the user expects
2025-10-22T15:14:33.896965145Z cd "/home/site/wwwroot"
2025-10-22T15:14:33.896967745Z 
2025-10-22T15:14:33.896970045Z export NODE_PATH=/usr/local/lib/node_modules:$NODE_PATH
2025-10-22T15:14:33.896972645Z if [ -z "$PORT" ]; then
2025-10-22T15:14:33.896975145Z 		export PORT=8080
2025-10-22T15:14:33.896978445Z fi
2025-10-22T15:14:33.896980745Z 
2025-10-22T15:14:33.896983045Z echo Found tar.gz based node_modules.
2025-10-22T15:14:33.897000745Z extractionCommand="tar -xzf node_modules.tar.gz -C /node_modules"
2025-10-22T15:14:33.897003945Z echo "Removing existing modules directory from root..."
2025-10-22T15:14:33.897006345Z rm -fr /node_modules
2025-10-22T15:14:33.897008745Z mkdir -p /node_modules
2025-10-22T15:14:33.897010945Z echo Extracting modules...
2025-10-22T15:14:33.897013345Z $extractionCommand
2025-10-22T15:14:33.897015545Z export NODE_PATH="/node_modules":$NODE_PATH
2025-10-22T15:14:33.897018145Z export PATH=/node_modules/.bin:$PATH
2025-10-22T15:14:33.897020445Z if [ -d node_modules ]; then
2025-10-22T15:14:33.897022745Z     mv -f node_modules _del_node_modules || true
2025-10-22T15:14:33.897025045Z fi
2025-10-22T15:14:33.897027445Z 
2025-10-22T15:14:33.897029545Z if [ -d /node_modules ]; then
2025-10-22T15:14:33.897031945Z     ln -sfn /node_modules ./node_modules 
2025-10-22T15:14:33.897034245Z fi
2025-10-22T15:14:33.897036645Z 
2025-10-22T15:14:33.897038845Z echo "Done."
2025-10-22T15:14:33.897041245Z node server.js
2025-10-22T15:14:33.926918856Z Found tar.gz based node_modules.
2025-10-22T15:14:33.926943956Z Removing existing modules directory from root...
2025-10-22T15:14:33.994748935Z Extracting modules...
2025-10-22T15:14:37.625885141Z Done.
2025-10-22T15:14:43.905374785Z file:///home/site/wwwroot/server.js:1
2025-10-22T15:14:43.905405585Z const express = require("express");
2025-10-22T15:14:43.905410385Z                 ^
2025-10-22T15:14:43.905413385Z 
2025-10-22T15:14:43.905430785Z ReferenceError: require is not defined in ES module scope, you can use import instead
2025-10-22T15:14:43.905436185Z This file is being treated as an ES module because it has a '.js' file extension and '/home/site/wwwroot/package.json' contains "type": "module". To treat it as a CommonJS script, rename it to use the '.cjs' file extension.
2025-10-22T15:14:43.905441685Z     at file:///home/site/wwwroot/server.js:1:17
2025-10-22T15:14:43.905444885Z     at ModuleJob.run (node:internal/modules/esm/module_job:329:25)
2025-10-22T15:14:43.905447885Z     at async onImport.tracePromise.__proto__ (node:internal/modules/esm/loader:644:26)
2025-10-22T15:14:43.905450985Z     at async asyncRunEntryPointWithESMLoader (node:internal/modules/run_main:117:5)
2025-10-22T15:14:43.913362340Z 
2025-10-22T15:14:43.913377341Z Node.js v22.17.0

2025-10-22T15:17:30.437043880Z    _____                               
2025-10-22T15:17:30.437128281Z   /  _  \ __________ _________   ____  
2025-10-22T15:17:30.437133881Z  /  /_\  \\___   /  |  \_  __ \_/ __ \ 
2025-10-22T15:17:30.437136681Z /    |    \/    /|  |  /|  | \/\  ___/ 
2025-10-22T15:17:30.437139181Z \____|__  /_____ \____/ |__|    \___  >
2025-10-22T15:17:30.437141981Z         \/      \/                  \/ 
2025-10-22T15:17:30.437144581Z A P P   S E R V I C E   O N   L I N U X
2025-10-22T15:17:30.437146881Z 
2025-10-22T15:17:30.437149181Z Documentation: http://aka.ms/webapp-linux
2025-10-22T15:17:30.437151481Z NodeJS quickstart: https://aka.ms/node-qs
2025-10-22T15:17:30.437153881Z NodeJS Version : v22.17.0
2025-10-22T15:17:30.437171081Z Note: Any data outside '/home' is not persisted
2025-10-22T15:17:30.437174781Z 
2025-10-22T15:17:34.679451500Z Starting OpenBSD Secure Shell server: sshd.
2025-10-22T15:17:34.708562539Z WEBSITES_INCLUDE_CLOUD_CERTS is not set to true.
2025-10-22T15:17:34.773498971Z Updating certificates in /etc/ssl/certs...
2025-10-22T15:17:47.909239490Z rehash: warning: skipping ca-certificates.crt,it does not contain exactly one certificate or CRL
2025-10-22T15:17:47.958277699Z 4 added, 0 removed; done.
2025-10-22T15:17:47.965589686Z Running hooks in /etc/ca-certificates/update.d...
2025-10-22T15:17:47.984748250Z done.
2025-10-22T15:17:48.006521110Z CA certificates copied and updated successfully.
2025-10-22T15:17:48.327159314Z Starting periodic command scheduler: cron.
2025-10-22T15:17:48.510447174Z Found build manifest file at '/home/site/wwwroot/oryx-manifest.toml'. Deserializing it...
2025-10-22T15:17:48.512970769Z Could not find operation ID in manifest. Generating an operation id...
2025-10-22T15:17:48.513526268Z Build Operation ID: 89fc8951-1c24-4463-b3e1-4ae7142759d2
2025-10-22T15:17:48.779322275Z Environment Variables for Application Insight's IPA Codeless Configuration exists..
2025-10-22T15:17:48.789559356Z Writing output script to '/opt/startup/startup.sh'
2025-10-22T15:17:48.848783746Z Running #!/bin/sh
2025-10-22T15:17:48.848810346Z 
2025-10-22T15:17:48.848814146Z # Enter the source directory to make sure the script runs where the user expects
2025-10-22T15:17:48.848817246Z cd "/home/site/wwwroot"
2025-10-22T15:17:48.848819546Z 
2025-10-22T15:17:48.848821846Z export NODE_PATH=/usr/local/lib/node_modules:$NODE_PATH
2025-10-22T15:17:48.848824146Z if [ -z "$PORT" ]; then
2025-10-22T15:17:48.848826646Z 		export PORT=8080
2025-10-22T15:17:48.848829346Z fi
2025-10-22T15:17:48.848831746Z 
2025-10-22T15:17:48.848834546Z echo Found tar.gz based node_modules.
2025-10-22T15:17:48.848849846Z extractionCommand="tar -xzf node_modules.tar.gz -C /node_modules"
2025-10-22T15:17:48.848852746Z echo "Removing existing modules directory from root..."
2025-10-22T15:17:48.848855146Z rm -fr /node_modules
2025-10-22T15:17:48.848857346Z mkdir -p /node_modules
2025-10-22T15:17:48.848859546Z echo Extracting modules...
2025-10-22T15:17:48.848861646Z $extractionCommand
2025-10-22T15:17:48.848863946Z export NODE_PATH="/node_modules":$NODE_PATH
2025-10-22T15:17:48.848866246Z export PATH=/node_modules/.bin:$PATH
2025-10-22T15:17:48.848868546Z if [ -d node_modules ]; then
2025-10-22T15:17:48.848870646Z     mv -f node_modules _del_node_modules || true
2025-10-22T15:17:48.848872946Z fi
2025-10-22T15:17:48.848875046Z 
2025-10-22T15:17:48.848877246Z if [ -d /node_modules ]; then
2025-10-22T15:17:48.848879346Z     ln -sfn /node_modules ./node_modules 
2025-10-22T15:17:48.848881646Z fi
2025-10-22T15:17:48.848883746Z 
2025-10-22T15:17:48.848885946Z echo "Done."
2025-10-22T15:17:48.848888146Z node server.js
2025-10-22T15:17:48.867993610Z Found tar.gz based node_modules.
2025-10-22T15:17:48.885694077Z Removing existing modules directory from root...
2025-10-22T15:17:48.960821138Z Extracting modules...
2025-10-22T15:17:53.304018520Z Done.
2025-10-22T15:17:59.214148926Z file:///home/site/wwwroot/server.js:1
2025-10-22T15:17:59.214182026Z const express = require("express");
2025-10-22T15:17:59.214187526Z                 ^
2025-10-22T15:17:59.214190927Z 
2025-10-22T15:17:59.214194527Z ReferenceError: require is not defined in ES module scope, you can use import instead
2025-10-22T15:17:59.214224327Z This file is being treated as an ES module because it has a '.js' file extension and '/home/site/wwwroot/package.json' contains "type": "module". To treat it as a CommonJS script, rename it to use the '.cjs' file extension.
2025-10-22T15:17:59.214232127Z     at file:///home/site/wwwroot/server.js:1:17
2025-10-22T15:17:59.214235827Z     at ModuleJob.run (node:internal/modules/esm/module_job:329:25)
2025-10-22T15:17:59.214239427Z     at async onImport.tracePromise.__proto__ (node:internal/modules/esm/loader:644:26)
2025-10-22T15:17:59.214243227Z     at async asyncRunEntryPointWithESMLoader (node:internal/modules/run_main:117:5)
2025-10-22T15:17:59.222008898Z 
2025-10-22T15:17:59.222052098Z Node.js v22.17.0

2025-10-22T15:21:00.155047257Z    _____                               
2025-10-22T15:21:00.155099658Z   /  _  \ __________ _________   ____  
2025-10-22T15:21:00.155104058Z  /  /_\  \\___   /  |  \_  __ \_/ __ \ 
2025-10-22T15:21:00.155106558Z /    |    \/    /|  |  /|  | \/\  ___/ 
2025-10-22T15:21:00.155108758Z \____|__  /_____ \____/ |__|    \___  >
2025-10-22T15:21:00.155112058Z         \/      \/                  \/ 
2025-10-22T15:21:00.155114858Z A P P   S E R V I C E   O N   L I N U X
2025-10-22T15:21:00.155117058Z 
2025-10-22T15:21:00.155119058Z Documentation: http://aka.ms/webapp-linux
2025-10-22T15:21:00.155121258Z NodeJS quickstart: https://aka.ms/node-qs
2025-10-22T15:21:00.155123358Z NodeJS Version : v22.17.0
2025-10-22T15:21:00.155125558Z Note: Any data outside '/home' is not persisted
2025-10-22T15:21:00.155127758Z 
2025-10-22T15:21:09.548406130Z Starting OpenBSD Secure Shell server: sshd.
2025-10-22T15:21:09.558989897Z WEBSITES_INCLUDE_CLOUD_CERTS is not set to true.
2025-10-22T15:21:09.732915607Z Updating certificates in /etc/ssl/certs...
2025-10-22T15:21:34.692004774Z rehash: warning: skipping ca-certificates.crt,it does not contain exactly one certificate or CRL
2025-10-22T15:21:34.843666058Z 4 added, 0 removed; done.
2025-10-22T15:21:34.843695959Z Running hooks in /etc/ca-certificates/update.d...
2025-10-22T15:21:34.878755386Z done.
2025-10-22T15:21:34.915686626Z CA certificates copied and updated successfully.
2025-10-22T15:21:35.367035056Z Starting periodic command scheduler: cron.
2025-10-22T15:21:35.997814750Z Found build manifest file at '/home/site/wwwroot/oryx-manifest.toml'. Deserializing it...
2025-10-22T15:21:36.006227105Z Build Operation ID: dcfc98fe8fedee92
2025-10-22T15:21:37.050699084Z Environment Variables for Application Insight's IPA Codeless Configuration exists..
2025-10-22T15:21:37.126538276Z Writing output script to '/opt/startup/startup.sh'
2025-10-22T15:21:37.176043898Z Running #!/bin/sh
2025-10-22T15:21:37.176069198Z 
2025-10-22T15:21:37.176073398Z # Enter the source directory to make sure the script runs where the user expects
2025-10-22T15:21:37.176076898Z cd "/home/site/wwwroot"
2025-10-22T15:21:37.176080198Z 
2025-10-22T15:21:37.176088498Z export NODE_PATH=/usr/local/lib/node_modules:$NODE_PATH
2025-10-22T15:21:37.176091898Z if [ -z "$PORT" ]; then
2025-10-22T15:21:37.176095198Z 		export PORT=8080
2025-10-22T15:21:37.176098798Z fi
2025-10-22T15:21:37.176101798Z 
2025-10-22T15:21:37.176104698Z echo Found tar.gz based node_modules.
2025-10-22T15:21:37.176107998Z extractionCommand="tar -xzf node_modules.tar.gz -C /node_modules"
2025-10-22T15:21:37.176124698Z echo "Removing existing modules directory from root..."
2025-10-22T15:21:37.176127798Z rm -fr /node_modules
2025-10-22T15:21:37.176130098Z mkdir -p /node_modules
2025-10-22T15:21:37.176132298Z echo Extracting modules...
2025-10-22T15:21:37.176134498Z $extractionCommand
2025-10-22T15:21:37.176136798Z export NODE_PATH="/node_modules":$NODE_PATH
2025-10-22T15:21:37.176139098Z export PATH=/node_modules/.bin:$PATH
2025-10-22T15:21:37.176141398Z if [ -d node_modules ]; then
2025-10-22T15:21:37.176143598Z     mv -f node_modules _del_node_modules || true
2025-10-22T15:21:37.176145998Z fi
2025-10-22T15:21:37.176148198Z 
2025-10-22T15:21:37.176150398Z if [ -d /node_modules ]; then
2025-10-22T15:21:37.176152598Z     ln -sfn /node_modules ./node_modules 
2025-10-22T15:21:37.176154899Z fi
2025-10-22T15:21:37.176156999Z 
2025-10-22T15:21:37.176159099Z echo "Done."
2025-10-22T15:21:37.176161399Z node server.js
2025-10-22T15:21:37.176163699Z Found tar.gz based node_modules.
2025-10-22T15:21:37.176165899Z Removing existing modules directory from root...
2025-10-22T15:21:37.290236239Z Extracting modules...
2025-10-22T15:21:46.358676838Z Done.
2025-10-22T15:22:01.620190769Z /home/site/wwwroot/server.js:36
2025-10-22T15:22:01.620224069Z => console.log(`API up on ${PORT}`));
2025-10-22T15:22:01.620230269Z ^^
2025-10-22T15:22:01.620233869Z 
2025-10-22T15:22:01.620237169Z SyntaxError: Unexpected token '=>'
2025-10-22T15:22:01.620241369Z     at wrapSafe (node:internal/modules/cjs/loader:1662:18)
2025-10-22T15:22:01.620244969Z     at Module._compile (node:internal/modules/cjs/loader:1704:20)
2025-10-22T15:22:01.620248669Z     at Object..js (node:internal/modules/cjs/loader:1895:10)
2025-10-22T15:22:01.620252169Z     at Module.load (node:internal/modules/cjs/loader:1465:32)
2025-10-22T15:22:01.620255669Z     at Function._load (node:internal/modules/cjs/loader:1282:12)
2025-10-22T15:22:01.620258969Z     at TracingChannel.traceSync (node:diagnostics_channel:322:14)
2025-10-22T15:22:01.620262569Z     at wrapModuleLoad (node:internal/modules/cjs/loader:235:24)
2025-10-22T15:22:01.620265869Z     at Function.executeUserEntryPoint [as runMain] (node:internal/modules/run_main:171:5)
2025-10-22T15:22:01.620269369Z     at node:internal/main/run_main_module:36:49
2025-10-22T15:22:01.631439540Z 
2025-10-22T15:22:01.631463941Z Node.js v22.17.0

2025-10-22T15:29:06.891927383Z    _____                               
2025-10-22T15:29:06.892018484Z   /  _  \ __________ _________   ____  
2025-10-22T15:29:06.892023184Z  /  /_\  \\___   /  |  \_  __ \_/ __ \ 
2025-10-22T15:29:06.892025984Z /    |    \/    /|  |  /|  | \/\  ___/ 
2025-10-22T15:29:06.892028784Z \____|__  /_____ \____/ |__|    \___  >
2025-10-22T15:29:06.892031684Z         \/      \/                  \/ 
2025-10-22T15:29:06.966485670Z A P P   S E R V I C E   O N   L I N U X
2025-10-22T15:29:06.966493470Z 
2025-10-22T15:29:06.966496070Z Documentation: http://aka.ms/webapp-linux
2025-10-22T15:29:06.966498870Z NodeJS quickstart: https://aka.ms/node-qs
2025-10-22T15:29:06.966501470Z NodeJS Version : v22.17.0
2025-10-22T15:29:06.966503970Z Note: Any data outside '/home' is not persisted
2025-10-22T15:29:06.966506770Z 
2025-10-22T15:29:16.071043502Z Starting OpenBSD Secure Shell server: sshd.
2025-10-22T15:29:16.126617265Z WEBSITES_INCLUDE_CLOUD_CERTS is not set to true.
2025-10-22T15:29:16.214249338Z Updating certificates in /etc/ssl/certs...
2025-10-22T15:29:53.213214297Z rehash: warning: skipping ca-certificates.crt,it does not contain exactly one certificate or CRL
2025-10-22T15:29:53.319139596Z 4 added, 0 removed; done.
2025-10-22T15:29:53.319187496Z Running hooks in /etc/ca-certificates/update.d...
2025-10-22T15:29:53.561307595Z done.
2025-10-22T15:29:53.561340895Z CA certificates copied and updated successfully.
2025-10-22T15:29:54.178762073Z Starting periodic command scheduler: cron.
2025-10-22T15:29:54.522617543Z Could not find build manifest file at '/home/site/wwwroot/oryx-manifest.toml'
2025-10-22T15:29:54.522656844Z Could not find operation ID in manifest. Generating an operation id...
2025-10-22T15:29:54.522662144Z Build Operation ID: de9270a2-575d-4985-a05a-a2bc47860129
2025-10-22T15:29:55.248772239Z Environment Variables for Application Insight's IPA Codeless Configuration exists..
2025-10-22T15:29:55.248806839Z Writing output script to '/opt/startup/startup.sh'
2025-10-22T15:29:55.489040725Z Running #!/bin/sh
2025-10-22T15:29:55.489073825Z 
2025-10-22T15:29:55.489079225Z # Enter the source directory to make sure the script runs where the user expects
2025-10-22T15:29:55.489083725Z cd "/home/site/wwwroot"
2025-10-22T15:29:55.489087926Z 
2025-10-22T15:29:55.489091726Z export NODE_PATH=/usr/local/lib/node_modules:$NODE_PATH
2025-10-22T15:29:55.489095526Z if [ -z "$PORT" ]; then
2025-10-22T15:29:55.489099526Z 		export PORT=8080
2025-10-22T15:29:55.489103426Z fi
2025-10-22T15:29:55.489107226Z 
2025-10-22T15:29:55.489110526Z node server.js
2025-10-22T15:30:16.873167507Z /home/site/wwwroot/server.js:36
2025-10-22T15:30:16.873197307Z => console.log(`API up on ${PORT}`));
2025-10-22T15:30:16.873202607Z ^^
2025-10-22T15:30:16.873286307Z 
2025-10-22T15:30:16.873293908Z SyntaxError: Unexpected token '=>'
2025-10-22T15:30:16.873297708Z     at wrapSafe (node:internal/modules/cjs/loader:1662:18)
2025-10-22T15:30:16.873301208Z     at Module._compile (node:internal/modules/cjs/loader:1704:20)
2025-10-22T15:30:16.873304808Z     at Object..js (node:internal/modules/cjs/loader:1895:10)
2025-10-22T15:30:16.873308708Z     at Module.load (node:internal/modules/cjs/loader:1465:32)
2025-10-22T15:30:16.873312308Z     at Function._load (node:internal/modules/cjs/loader:1282:12)
2025-10-22T15:30:16.873316008Z     at TracingChannel.traceSync (node:diagnostics_channel:322:14)
2025-10-22T15:30:16.873319508Z     at wrapModuleLoad (node:internal/modules/cjs/loader:235:24)
2025-10-22T15:30:16.873323108Z     at Function.executeUserEntryPoint [as runMain] (node:internal/modules/run_main:171:5)
2025-10-22T15:30:16.873326508Z     at node:internal/main/run_main_module:36:49
2025-10-22T15:30:16.939713754Z 
2025-10-22T15:30:16.939742654Z Node.js v22.17.0

2025-10-22T15:36:25.424595185Z    _____                               
2025-10-22T15:36:25.424653286Z   /  _  \ __________ _________   ____  
2025-10-22T15:36:25.424658386Z  /  /_\  \\___   /  |  \_  __ \_/ __ \ 
2025-10-22T15:36:25.424661186Z /    |    \/    /|  |  /|  | \/\  ___/ 
2025-10-22T15:36:25.424663586Z \____|__  /_____ \____/ |__|    \___  >
2025-10-22T15:36:25.424666286Z         \/      \/                  \/ 
2025-10-22T15:36:25.424668686Z A P P   S E R V I C E   O N   L I N U X
2025-10-22T15:36:25.424671186Z 
2025-10-22T15:36:25.424673486Z Documentation: http://aka.ms/webapp-linux
2025-10-22T15:36:25.424675786Z NodeJS quickstart: https://aka.ms/node-qs
2025-10-22T15:36:25.424678086Z NodeJS Version : v22.17.0
2025-10-22T15:36:25.424680386Z Note: Any data outside '/home' is not persisted
2025-10-22T15:36:25.424682686Z 
2025-10-22T15:36:30.598618315Z Starting OpenBSD Secure Shell server: sshd.
2025-10-22T15:36:30.624483485Z WEBSITES_INCLUDE_CLOUD_CERTS is not set to true.
2025-10-22T15:36:30.674749616Z Updating certificates in /etc/ssl/certs...
2025-10-22T15:36:44.774333547Z rehash: warning: skipping ca-certificates.crt,it does not contain exactly one certificate or CRL
2025-10-22T15:36:44.871396631Z 4 added, 0 removed; done.
2025-10-22T15:36:44.921596320Z Running hooks in /etc/ca-certificates/update.d...
2025-10-22T15:36:44.981690587Z done.
2025-10-22T15:36:45.016218310Z CA certificates copied and updated successfully.
2025-10-22T15:36:45.200334901Z Starting periodic command scheduler: cron.
2025-10-22T15:36:45.322385830Z Found build manifest file at '/home/site/wwwroot/oryx-manifest.toml'. Deserializing it...
2025-10-22T15:36:45.332126009Z Build Operation ID: 6dbcb46d9d7787b9
2025-10-22T15:36:45.342787685Z Environment Variables for Application Insight's IPA Codeless Configuration exists..
2025-10-22T15:36:45.710775468Z Writing output script to '/opt/startup/startup.sh'
2025-10-22T15:36:45.849466960Z Running #!/bin/sh
2025-10-22T15:36:45.849500160Z 
2025-10-22T15:36:45.849504960Z # Enter the source directory to make sure the script runs where the user expects
2025-10-22T15:36:45.849508660Z cd "/home/site/wwwroot"
2025-10-22T15:36:45.849511860Z 
2025-10-22T15:36:45.849515060Z export NODE_PATH=/usr/local/lib/node_modules:$NODE_PATH
2025-10-22T15:36:45.849518260Z if [ -z "$PORT" ]; then
2025-10-22T15:36:45.849521460Z 		export PORT=8080
2025-10-22T15:36:45.849525260Z fi
2025-10-22T15:36:45.849528360Z 
2025-10-22T15:36:45.849531260Z echo Found tar.gz based node_modules.
2025-10-22T15:36:45.849534460Z extractionCommand="tar -xzf node_modules.tar.gz -C /node_modules"
2025-10-22T15:36:45.849551160Z echo "Removing existing modules directory from root..."
2025-10-22T15:36:45.849554260Z rm -fr /node_modules
2025-10-22T15:36:45.849556560Z mkdir -p /node_modules
2025-10-22T15:36:45.849558760Z echo Extracting modules...
2025-10-22T15:36:45.849561060Z $extractionCommand
2025-10-22T15:36:45.849563360Z export NODE_PATH="/node_modules":$NODE_PATH
2025-10-22T15:36:45.849565660Z export PATH=/node_modules/.bin:$PATH
2025-10-22T15:36:45.849567960Z if [ -d node_modules ]; then
2025-10-22T15:36:45.849570160Z     mv -f node_modules _del_node_modules || true
2025-10-22T15:36:45.849572560Z fi
2025-10-22T15:36:45.849574660Z 
2025-10-22T15:36:45.849576860Z if [ -d /node_modules ]; then
2025-10-22T15:36:45.849579160Z     ln -sfn /node_modules ./node_modules 
2025-10-22T15:36:45.849581460Z fi
2025-10-22T15:36:45.849583560Z 
2025-10-22T15:36:45.849585760Z echo "Done."
2025-10-22T15:36:45.849588060Z PATH="$PATH:/home/site/wwwroot" node server.cjs
2025-10-22T15:36:45.905396136Z Found tar.gz based node_modules.
2025-10-22T15:36:45.905449536Z Removing existing modules directory from root...
2025-10-22T15:36:45.943704351Z Extracting modules...
2025-10-22T15:36:49.936056879Z Done.
2025-10-22T15:36:56.483606081Z node:internal/modules/cjs/loader:1404
2025-10-22T15:36:56.483636981Z   throw err;
2025-10-22T15:36:56.483642581Z   ^
2025-10-22T15:36:56.483646181Z 
2025-10-22T15:36:56.483649681Z Error: Cannot find module '/home/site/wwwroot/server.cjs'
2025-10-22T15:36:56.483653981Z     at Function._resolveFilename (node:internal/modules/cjs/loader:1401:15)
2025-10-22T15:36:56.483667681Z     at defaultResolveImpl (node:internal/modules/cjs/loader:1057:19)
2025-10-22T15:36:56.483672381Z     at resolveForCJSWithHooks (node:internal/modules/cjs/loader:1062:22)
2025-10-22T15:36:56.483676181Z     at Function._load (node:internal/modules/cjs/loader:1211:37)
2025-10-22T15:36:56.483679681Z     at TracingChannel.traceSync (node:diagnostics_channel:322:14)
2025-10-22T15:36:56.483683381Z     at wrapModuleLoad (node:internal/modules/cjs/loader:235:24)
2025-10-22T15:36:56.483686981Z     at Function.executeUserEntryPoint [as runMain] (node:internal/modules/run_main:171:5)
2025-10-22T15:36:56.483690481Z     at node:internal/main/run_main_module:36:49 {
2025-10-22T15:36:56.483693981Z   code: 'MODULE_NOT_FOUND',
2025-10-22T15:36:56.483697481Z   requireStack: []
2025-10-22T15:36:56.483700881Z }
2025-10-22T15:36:56.495371418Z 
2025-10-22T15:36:56.495391218Z Node.js v22.17.0

