2025-10-22T15:28:02.3888638Z,Updating submodules.,28136220-0490-403d-8fcb-8303e732e136,0
2025-10-22T15:28:03.6771538Z,Preparing deployment for commit id '91d8821e-6'.,e2457c0c-fa73-46bd-b842-8d926508c4f2,0
2025-10-22T15:28:04.4343998Z,PreDeployment: context.CleanOutputPath False,74e26f9c-1569-43fa-9322-4ac037905e45,0
2025-10-22T15:28:04.6173834Z,PreDeployment: context.OutputPath /home/site/wwwroot,f65ef404-bac4-47f3-ad32-26bde02fbeed,0
2025-10-22T15:28:04.8063342Z,Repository path is /tmp/zipdeploy/extracted,4168a317-ae2f-4a5c-9629-3583ca252728,0
2025-10-22T15:28:04.9410271Z,Running oryx build...,28a7ed59-6a5c-478c-bb4f-34edda39b430,0
	2025-10-22T15:28:04.9538420Z,Command: oryx build /tmp/zipdeploy/extracted -o /home/site/wwwroot --platform nodejs --platform-version 22 -p virtualenv_name= --log-file /tmp/build-debug.log  -i /tmp/8de117f97f24b4e -p compress_node_modules=tar-gz | tee /tmp/oryx-build.log,,0
	2025-10-22T15:28:07.5198933Z,Operation performed by Microsoft Oryx&comma; https://github.com/Microsoft/Oryx,,0
	2025-10-22T15:28:07.5938289Z,You can report issues at https://github.com/Microsoft/Oryx/issues,,0
	2025-10-22T15:28:07.6349248Z,,,0
	2025-10-22T15:28:07.6700979Z,Oryx Version: 0.2.20250611.1+0649de32f1279969c9023dd41b389cce4bb94493&comma; Commit: 0649de32f1279969c9023dd41b389cce4bb94493&comma; ReleaseTagName: 20250611.1,,0
	2025-10-22T15:28:07.6811185Z,,,0
	2025-10-22T15:28:07.7108423Z,Build Operation ID: 6dbcb46d9d7787b9,,0
	2025-10-22T15:28:07.7580650Z,Repository Commit : 91d8821e-6b7b-4518-adcc-a4e82a4d0078,,0
	2025-10-22T15:28:07.8069099Z,OS Type           : bookworm,,0
	2025-10-22T15:28:07.8735060Z,Image Type        : githubactions,,0
	2025-10-22T15:28:07.9213736Z,,,0
	2025-10-22T15:28:07.9598819Z,Primary SDK Storage URL: https://oryx-cdn.microsoft.io,,0
	2025-10-22T15:28:07.9798086Z,Backup SDK Storage URL: https://oryxsdks-cdn.azureedge.net,,0
	2025-10-22T15:28:08.0029557Z,Detecting platforms...,,0
	2025-10-22T15:28:13.4070497Z,Detected following platforms:,,0
	2025-10-22T15:28:13.4662483Z,  nodejs: 22.20.0,,0
	2025-10-22T15:28:13.5038549Z,  python: 3.8.18,,0
	2025-10-22T15:28:13.5338126Z,Version '22.20.0' of platform 'nodejs' is not installed. Generating script to install it...,,0
	2025-10-22T15:28:13.5827066Z,Version '3.8.18' of platform 'python' is not installed. Generating script to install it...,,0
	2025-10-22T15:28:13.8636264Z,Detected the following frameworks: Express,,0
	2025-10-22T15:28:14.3265698Z,Warning: An outdated version of python was detected (3.8.18). Consider updating.\nVersions supported by Oryx: https://github.com/microsoft/Oryx,,0
	2025-10-22T15:28:14.3525462Z,,,0
	2025-10-22T15:28:14.4005046Z,,,0
	2025-10-22T15:28:14.4874075Z,Using intermediate directory '/tmp/8de117f97f24b4e'.,,0
	2025-10-22T15:28:14.5223363Z,,,0
	2025-10-22T15:28:14.5504421Z,Copying files to the intermediate directory...,,0
	2025-10-22T15:28:14.6881875Z,Done in 0 sec(s).,,0
	2025-10-22T15:28:14.7245690Z,,,0
	2025-10-22T15:28:14.7634799Z,Source directory     : /tmp/8de117f97f24b4e,,0
	2025-10-22T15:28:14.7914445Z,Destination directory: /home/site/wwwroot,,0
	2025-10-22T15:28:14.8205705Z,,,0
	2025-10-22T15:28:14.8588884Z,,,0
	2025-10-22T15:28:14.9483349Z,Downloading and extracting 'nodejs' version '22.20.0' to '/tmp/oryx/platforms/nodejs/22.20.0'...,,0
	2025-10-22T15:28:15.0025433Z,Detected image debian flavor: bookworm.,,0
	2025-10-22T15:28:18.2929085Z,Downloaded in 4 sec(s).,,0
	2025-10-22T15:28:18.3486526Z,Verifying checksum...,,0
	2025-10-22T15:28:18.4094216Z,Extracting contents...,,0
	2025-10-22T15:28:33.1534177Z,performing sha512 checksum for: nodejs...,,0
	2025-10-22T15:28:35.1419381Z,Done in 21 sec(s).,,0
	2025-10-22T15:28:35.2367491Z,,,0
	2025-10-22T15:28:35.2766362Z,,,0
	2025-10-22T15:28:35.3158148Z,Downloading and extracting 'python' version '3.8.18' to '/tmp/oryx/platforms/python/3.8.18'...,,0
	2025-10-22T15:28:35.3545842Z,Detected image debian flavor: bookworm.,,0
	2025-10-22T15:28:37.8536489Z,Downloaded in 2 sec(s).,,0
	2025-10-22T15:28:37.9041760Z,Verifying checksum...,,0
	2025-10-22T15:28:38.0872207Z,Extracting contents...,,0
	2025-10-22T15:29:00.1649823Z,performing sha512 checksum for: python...,,0
	2025-10-22T15:29:02.7403004Z,Done in 27 sec(s).,,0
	2025-10-22T15:29:02.8034408Z,,,0
	2025-10-22T15:29:03.5400461Z,Removing existing manifest file,,0
	2025-10-22T15:29:03.6088374Z,Creating directory for command manifest file if it does not exist,,0
	2025-10-22T15:29:03.6767635Z,Creating a manifest file...,,0
	2025-10-22T15:29:03.7057300Z,Node Build Command Manifest file created.,,0
	2025-10-22T15:29:03.7607359Z,,,0
	2025-10-22T15:29:03.8109763Z,Using Node version:,,0
	2025-10-22T15:29:04.0740654Z,v22.20.0,,0
	2025-10-22T15:29:04.1025817Z,,,0
	2025-10-22T15:29:04.1407721Z,Using Npm version:,,0
	2025-10-22T15:29:07.4391731Z,10.9.3,,0
	2025-10-22T15:29:07.5441227Z,,,0
	2025-10-22T15:29:07.5943675Z,Running 'npm install'...,,0
	2025-10-22T15:29:07.6777404Z,,,0
	2025-10-22T15:29:34.8402653Z,npm warn deprecated inflight@1.0.6: This module is not supported&comma; and leaks memory. Do not use it. Check out lru-cache if you want a good and tested way to coalesce async requests by a key value&comma; which is much more comprehensive and powerful.,,1
	2025-10-22T15:29:35.2721626Z,npm warn deprecated @npmcli/move-file@1.1.2: This functionality has been moved to @npmcli/fs,,1
	2025-10-22T15:29:35.3505099Z,npm warn deprecated lodash.get@4.4.2: This package is deprecated. Use the optional chaining (?.) operator instead.,,1
	2025-10-22T15:29:35.4270308Z,npm warn deprecated npmlog@6.0.2: This package is no longer supported.,,1
	2025-10-22T15:29:35.5654866Z,npm warn deprecated lodash.isequal@4.5.0: This package is deprecated. Use require('node:util').isDeepStrictEqual instead.,,1
	2025-10-22T15:29:35.7286174Z,npm warn deprecated rimraf@3.0.2: Rimraf versions prior to v4 are no longer supported,,1
	2025-10-22T15:29:36.0640062Z,npm warn deprecated are-we-there-yet@3.0.1: This package is no longer supported.,,1
	2025-10-22T15:29:36.2091413Z,npm warn deprecated glob@7.2.3: Glob versions prior to v9 are no longer supported,,1
	2025-10-22T15:29:36.3712498Z,npm warn deprecated glob@7.1.6: Glob versions prior to v9 are no longer supported,,1
	2025-10-22T15:29:37.9802347Z,npm warn deprecated gauge@4.0.4: This package is no longer supported.,,1
	2025-10-22T15:30:15.2602121Z,,,0
	2025-10-22T15:30:15.3757996Z,added 218 packages&comma; and audited 219 packages in 1m,,0
	2025-10-22T15:30:15.4888584Z,,,0
	2025-10-22T15:30:15.5464088Z,26 packages are looking for funding,,0
	2025-10-22T15:30:15.5844105Z,  run `npm fund` for details,,0
	2025-10-22T15:30:15.6425278Z,,,0
	2025-10-22T15:30:15.7137345Z,5 moderate severity vulnerabilities,,0
	2025-10-22T15:30:15.7423155Z,,,0
	2025-10-22T15:30:15.7606253Z,To address all issues (including breaking changes)&comma; run:,,0
	2025-10-22T15:30:15.7723631Z,  npm audit fix --force,,0
	2025-10-22T15:30:15.8602863Z,,,0
	2025-10-22T15:30:15.9165922Z,Run `npm audit` for details.,,0
	2025-10-22T15:30:17.2985564Z,,,0
	2025-10-22T15:30:17.4456410Z,Zipping existing node_modules folder...,,0
	2025-10-22T15:30:30.3040275Z,Done in 13 sec(s).,,0
	2025-10-22T15:30:30.3436320Z,Preparing output...,,0
	2025-10-22T15:30:30.3634384Z,,,0
	2025-10-22T15:30:30.3906628Z,Copying files to destination directory '/home/site/wwwroot'...,,0
	2025-10-22T15:30:30.8680464Z,Done in 0 sec(s).,,0
	2025-10-22T15:30:30.8900161Z,,,0
	2025-10-22T15:30:30.9293552Z,Removing existing manifest file,,0
	2025-10-22T15:30:30.9654258Z,Creating a manifest file...,,0
	2025-10-22T15:30:31.0113285Z,Manifest file created.,,0
	2025-10-22T15:30:31.0329927Z,Copying .ostype to manifest output directory.,,0
	2025-10-22T15:30:31.0888315Z,,,0
	2025-10-22T15:30:31.1096570Z,Done in 137 sec(s).,,0
2025-10-22T15:30:32.4962677Z,Running post deployment command(s)...,44d999a2-ec14-4295-a4bf-38be664df513,0
2025-10-22T15:30:32.7571903Z,,8acb182e-9809-4493-8673-a867ee238251,0
2025-10-22T15:30:32.9077943Z,Generating summary of Oryx build,f4f490bb-6a02-43af-a35f-d9b299a8e575,0
2025-10-22T15:30:33.1541726Z,Parsing the build logs,d9044c0c-29fa-40e5-a4ef-039e16b2e497,0
2025-10-22T15:30:33.3390751Z,Found 0 issue(s),ae740f8c-d15c-4e38-a51f-41c27baf2412,0
2025-10-22T15:30:33.4860823Z,,c7286515-23db-41e7-8bc2-aa4c11e0c774,0
2025-10-22T15:30:33.6355624Z,Build Summary :,7aeeca42-59c4-4b4a-9750-243fa7e06c82,0
2025-10-22T15:30:33.7606788Z,===============,2445a1f9-f91c-4b76-a23f-264dc20b9aa8,0
2025-10-22T15:30:33.8934775Z,Errors (0),29e069a8-8116-4364-bd2f-3719e82ae954,0
2025-10-22T15:30:34.0269201Z,Warnings (0),d87cb76e-9e85-43c9-a136-fd67f34b71b6,0
2025-10-22T15:30:34.1579121Z,,e9c0612e-1f44-4d48-988e-e22ce0e1bde4,0
2025-10-22T15:30:34.3267765Z,Triggering container recycle for OneDeploy by adding/updating restartTrigger.txt to the site root path,98f95a43-d9a5-4eba-b370-f3d419b1e7d9,0
2025-10-22T15:30:34.5150552Z,Deployment successful. deployer = OneDeploy deploymentPath = OneDeploy,ed29ea2a-e816-419d-b04c-a00bfa1ed3c5,0
